This is pdfTeX, Version 3.141592-1.40.4 (MiKTeX 2.6) (preloaded format=latex 2008.10.4)  24 MAR 2010 17:22
entering extended mode
**I:/Rommel*Padre/ARCHIVOS*MATLAB/Software-Libros-M/files/AAMESH/aadoc.tex
("I:\Rommel Padre\ARCHIVOS MATLAB\Software-Libros-M\files\AAMESH\aadoc.tex"
LaTeX2e <2005/12/01>
Babel <v3.8g> and hyphenation patterns for english, dumylang, nohyphenation, ge
rman, ngerman, french, loaded.
("C:\Archivos de programa\MiKTeX 2.6\tex\latex\base\article.cls"
Document Class: article 2005/09/16 v1.4f Standard LaTeX document class
("C:\Archivos de programa\MiKTeX 2.6\tex\latex\base\size12.clo"
File: size12.clo 2005/09/16 v1.4f Standard LaTeX file (size option)
)
\c@part=\count79
\c@section=\count80
\c@subsection=\count81
\c@subsubsection=\count82
\c@paragraph=\count83
\c@subparagraph=\count84
\c@figure=\count85
\c@table=\count86
\abovecaptionskip=\skip41
\belowcaptionskip=\skip42
\bibindent=\dimen102
) (aaverbf.sty
\c@lineno=\count87

! Text line contains an invalid character.
l.29 
      
? x
 
Here is how much of TeX's memory you used:
 219 strings out of 95296
 2332 string characters out of 1184681
 46213 words of memory out of 1049913
 3481 multiletter control sequences out of 60000
 3938 words of font info for 15 fonts, out of 1000000 for 2000
 14 hyphenation exceptions out of 8191
 22i,0n,19p,205b,36s stack positions out of 5000i,500n,10000p,200000b,32768s
No pages of output.
