This is pdfTeX, Version 3.141592-1.40.4 (MiKTeX 2.6) (preloaded format=pdflatex 2008.10.4)  24 MAR 2010 17:22
entering extended mode
**aaverbf.sty
(aaverbf.sty
LaTeX2e <2005/12/01>
Babel <v3.8g> and hyphenation patterns for english, dumylang, nohyphenation, ge
rman, ngerman, french, loaded.
\c@lineno=\count79
! Text line contains an invalid character.
l.29 
      
? x
 
Here is how much of TeX's memory you used:
 13 strings out of 95295
 151 string characters out of 1184655
 44877 words of memory out of 1048577
 3295 multiletter control sequences out of 60000
 3640 words of font info for 14 fonts, out of 1000000 for 2000
 14 hyphenation exceptions out of 8191
 9i,0n,12p,91b,8s stack positions out of 5000i,500n,10000p,200000b,32768s
No pages of output.
PDF statistics:
 0 PDF objects out of 300000 (max. 8388607)
 0 named destinations out of 300000 (max. 131072)
 1 words of extra memory for PDF output out of 65536 (max. 10000000)

