99.06.08 11:29 B J:\isis\depts\or\workspace\vkulkarn\maximgui\Modules\control\control_output.m --> isis.unc.edu /afs/isis.unc.edu/home/v/k/vkulkarn/public_html/maximgui/Modules/control control_output.m
99.06.08 11:29 B J:\isis\depts\or\workspace\vkulkarn\maximgui\Modules\control\control_print_template.m --> isis.unc.edu /afs/isis.unc.edu/home/v/k/vkulkarn/public_html/maximgui/Modules/control control_print_template.m
99.06.08 11:29 B J:\isis\depts\or\workspace\vkulkarn\maximgui\Modules\control\dtmdp.m --> isis.unc.edu /afs/isis.unc.edu/home/v/k/vkulkarn/public_html/maximgui/Modules/control dtmdp.m
99.06.08 11:29 B J:\isis\depts\or\workspace\vkulkarn\maximgui\Modules\control\ex9inv.m --> isis.unc.edu /afs/isis.unc.edu/home/v/k/vkulkarn/public_html/maximgui/Modules/control ex9inv.m
99.06.08 11:29 B J:\isis\depts\or\workspace\vkulkarn\maximgui\Modules\control\ex9ogm.m --> isis.unc.edu /afs/isis.unc.edu/home/v/k/vkulkarn/public_html/maximgui/Modules/control ex9ogm.m
99.06.08 11:29 B J:\isis\depts\or\workspace\vkulkarn\maximgui\Modules\control\ex9omo.m --> isis.unc.edu /afs/isis.unc.edu/home/v/k/vkulkarn/public_html/maximgui/Modules/control ex9omo.m
99.06.08 11:29 B J:\isis\depts\or\workspace\vkulkarn\maximgui\Modules\control\ex9ops.m --> isis.unc.edu /afs/isis.unc.edu/home/v/k/vkulkarn/public_html/maximgui/Modules/control ex9ops.m
99.06.08 11:29 B J:\isis\depts\or\workspace\vkulkarn\maximgui\Modules\control\lp_solver.m --> isis.unc.edu /afs/isis.unc.edu/home/v/k/vkulkarn/public_html/maximgui/Modules/control lp_solver.m
99.06.08 11:29 B J:\isis\depts\or\workspace\vkulkarn\maximgui\Modules\control\new_control_model.m --> isis.unc.edu /afs/isis.unc.edu/home/v/k/vkulkarn/public_html/maximgui/Modules/control new_control_model.m
99.06.08 11:29 B J:\isis\depts\or\workspace\vkulkarn\maximgui\Modules\control\opt_control.m --> isis.unc.edu /afs/isis.unc.edu/home/v/k/vkulkarn/public_html/maximgui/Modules/control opt_control.m
99.06.08 11:29 B J:\isis\depts\or\workspace\vkulkarn\maximgui\Modules\control\scroll_control.m --> isis.unc.edu /afs/isis.unc.edu/home/v/k/vkulkarn/public_html/maximgui/Modules/control scroll_control.m
99.06.08 11:29 B J:\isis\depts\or\workspace\vkulkarn\maximgui\Modules\control\smdp.m --> isis.unc.edu /afs/isis.unc.edu/home/v/k/vkulkarn/public_html/maximgui/Modules/control smdp.m
99.06.10 11:27 B D:\maximgui\Modules\control\control_output.m --> ftp.mathworks.com /incoming/bizdev/maximgui/maximgui/Modules/control control_output.m
99.06.10 11:27 B D:\maximgui\Modules\control\control_print_template.m --> ftp.mathworks.com /incoming/bizdev/maximgui/maximgui/Modules/control control_print_template.m
99.06.10 11:27 B D:\maximgui\Modules\control\dtmdp.m --> ftp.mathworks.com /incoming/bizdev/maximgui/maximgui/Modules/control dtmdp.m
99.06.10 11:27 B D:\maximgui\Modules\control\ex9inv.m --> ftp.mathworks.com /incoming/bizdev/maximgui/maximgui/Modules/control ex9inv.m
99.06.10 11:27 B D:\maximgui\Modules\control\ex9ogm.m --> ftp.mathworks.com /incoming/bizdev/maximgui/maximgui/Modules/control ex9ogm.m
99.06.10 11:27 B D:\maximgui\Modules\control\ex9omo.m --> ftp.mathworks.com /incoming/bizdev/maximgui/maximgui/Modules/control ex9omo.m
99.06.10 11:27 B D:\maximgui\Modules\control\ex9ops.m --> ftp.mathworks.com /incoming/bizdev/maximgui/maximgui/Modules/control ex9ops.m
99.06.10 11:27 B D:\maximgui\Modules\control\lp_solver.m --> ftp.mathworks.com /incoming/bizdev/maximgui/maximgui/Modules/control lp_solver.m
99.06.10 11:27 B D:\maximgui\Modules\control\new_control_model.m --> ftp.mathworks.com /incoming/bizdev/maximgui/maximgui/Modules/control new_control_model.m
99.06.10 11:27 B D:\maximgui\Modules\control\opt_control.m --> ftp.mathworks.com /incoming/bizdev/maximgui/maximgui/Modules/control opt_control.m
99.06.10 11:27 B D:\maximgui\Modules\control\scroll_control.m --> ftp.mathworks.com /incoming/bizdev/maximgui/maximgui/Modules/control scroll_control.m
99.06.10 11:27 B D:\maximgui\Modules\control\smdp.m --> ftp.mathworks.com /incoming/bizdev/maximgui/maximgui/Modules/control smdp.m
