99.06.08 11:30 B J:\isis\depts\or\workspace\vkulkarn\maximgui\utils\add_char_input.m --> isis.unc.edu /afs/isis.unc.edu/home/v/k/vkulkarn/public_html/maximgui/utils add_char_input.m
99.06.08 11:30 B J:\isis\depts\or\workspace\vkulkarn\maximgui\utils\add_matrix_input.m --> isis.unc.edu /afs/isis.unc.edu/home/v/k/vkulkarn/public_html/maximgui/utils add_matrix_input.m
99.06.08 11:30 B J:\isis\depts\or\workspace\vkulkarn\maximgui\utils\add_nonsq_matrix_input.m --> isis.unc.edu /afs/isis.unc.edu/home/v/k/vkulkarn/public_html/maximgui/utils add_nonsq_matrix_input.m
99.06.08 11:30 B J:\isis\depts\or\workspace\vkulkarn\maximgui\utils\add_scalar_input.m --> isis.unc.edu /afs/isis.unc.edu/home/v/k/vkulkarn/public_html/maximgui/utils add_scalar_input.m
99.06.08 11:30 B J:\isis\depts\or\workspace\vkulkarn\maximgui\utils\add_vector_input.m --> isis.unc.edu /afs/isis.unc.edu/home/v/k/vkulkarn/public_html/maximgui/utils add_vector_input.m
99.06.08 11:30 B J:\isis\depts\or\workspace\vkulkarn\maximgui\utils\big_message.m --> isis.unc.edu /afs/isis.unc.edu/home/v/k/vkulkarn/public_html/maximgui/utils big_message.m
99.06.08 11:30 B J:\isis\depts\or\workspace\vkulkarn\maximgui\utils\get_primary_model.m --> isis.unc.edu /afs/isis.unc.edu/home/v/k/vkulkarn/public_html/maximgui/utils get_primary_model.m
99.06.08 11:30 B J:\isis\depts\or\workspace\vkulkarn\maximgui\utils\get_std_model_state.m --> isis.unc.edu /afs/isis.unc.edu/home/v/k/vkulkarn/public_html/maximgui/utils get_std_model_state.m
99.06.08 11:30 B J:\isis\depts\or\workspace\vkulkarn\maximgui\utils\help_list.m --> isis.unc.edu /afs/isis.unc.edu/home/v/k/vkulkarn/public_html/maximgui/utils help_list.m
99.06.08 11:30 B J:\isis\depts\or\workspace\vkulkarn\maximgui\utils\help_message.m --> isis.unc.edu /afs/isis.unc.edu/home/v/k/vkulkarn/public_html/maximgui/utils help_message.m
99.06.08 11:30 B J:\isis\depts\or\workspace\vkulkarn\maximgui\utils\last_to_next.m --> isis.unc.edu /afs/isis.unc.edu/home/v/k/vkulkarn/public_html/maximgui/utils last_to_next.m
99.06.08 11:30 B J:\isis\depts\or\workspace\vkulkarn\maximgui\utils\printto.m --> isis.unc.edu /afs/isis.unc.edu/home/v/k/vkulkarn/public_html/maximgui/utils printto.m
99.06.08 11:30 B J:\isis\depts\or\workspace\vkulkarn\maximgui\utils\quit_all.m --> isis.unc.edu /afs/isis.unc.edu/home/v/k/vkulkarn/public_html/maximgui/utils quit_all.m
99.06.08 11:30 B J:\isis\depts\or\workspace\vkulkarn\maximgui\utils\set_primary_model_state.m --> isis.unc.edu /afs/isis.unc.edu/home/v/k/vkulkarn/public_html/maximgui/utils set_primary_model_state.m
99.06.08 11:30 B J:\isis\depts\or\workspace\vkulkarn\maximgui\utils\set_std_model_state.m --> isis.unc.edu /afs/isis.unc.edu/home/v/k/vkulkarn/public_html/maximgui/utils set_std_model_state.m
99.06.08 11:30 B J:\isis\depts\or\workspace\vkulkarn\maximgui\utils\update_add_matrix_values.m --> isis.unc.edu /afs/isis.unc.edu/home/v/k/vkulkarn/public_html/maximgui/utils update_add_matrix_values.m
99.06.08 11:30 B J:\isis\depts\or\workspace\vkulkarn\maximgui\utils\update_add_nonsq_matrix_values.m --> isis.unc.edu /afs/isis.unc.edu/home/v/k/vkulkarn/public_html/maximgui/utils update_add_nonsq_matrix_values.m
99.06.08 11:30 B J:\isis\depts\or\workspace\vkulkarn\maximgui\utils\update_add_vector_values.m --> isis.unc.edu /afs/isis.unc.edu/home/v/k/vkulkarn/public_html/maximgui/utils update_add_vector_values.m
99.06.08 11:30 B J:\isis\depts\or\workspace\vkulkarn\maximgui\utils\update_matrix_values.m --> isis.unc.edu /afs/isis.unc.edu/home/v/k/vkulkarn/public_html/maximgui/utils update_matrix_values.m
99.06.08 11:30 B J:\isis\depts\or\workspace\vkulkarn\maximgui\utils\update_vector_values.m --> isis.unc.edu /afs/isis.unc.edu/home/v/k/vkulkarn/public_html/maximgui/utils update_vector_values.m
99.06.10 11:28 B D:\maximgui\utils\add_char_input.m --> ftp.mathworks.com /incoming/bizdev/maximgui/maximgui/utils add_char_input.m
99.06.10 11:28 B D:\maximgui\utils\add_matrix_input.m --> ftp.mathworks.com /incoming/bizdev/maximgui/maximgui/utils add_matrix_input.m
99.06.10 11:28 B D:\maximgui\utils\add_nonsq_matrix_input.m --> ftp.mathworks.com /incoming/bizdev/maximgui/maximgui/utils add_nonsq_matrix_input.m
99.06.10 11:28 B D:\maximgui\utils\add_scalar_input.m --> ftp.mathworks.com /incoming/bizdev/maximgui/maximgui/utils add_scalar_input.m
99.06.10 11:28 B D:\maximgui\utils\add_vector_input.m --> ftp.mathworks.com /incoming/bizdev/maximgui/maximgui/utils add_vector_input.m
99.06.10 11:28 B D:\maximgui\utils\big_message.m --> ftp.mathworks.com /incoming/bizdev/maximgui/maximgui/utils big_message.m
99.06.10 11:28 B D:\maximgui\utils\get_primary_model.m --> ftp.mathworks.com /incoming/bizdev/maximgui/maximgui/utils get_primary_model.m
99.06.10 11:28 B D:\maximgui\utils\get_std_model_state.m --> ftp.mathworks.com /incoming/bizdev/maximgui/maximgui/utils get_std_model_state.m
99.06.10 11:28 B D:\maximgui\utils\help_list.m --> ftp.mathworks.com /incoming/bizdev/maximgui/maximgui/utils help_list.m
99.06.10 11:28 B D:\maximgui\utils\help_message.m --> ftp.mathworks.com /incoming/bizdev/maximgui/maximgui/utils help_message.m
99.06.10 11:28 B D:\maximgui\utils\last_to_next.m --> ftp.mathworks.com /incoming/bizdev/maximgui/maximgui/utils last_to_next.m
99.06.10 11:28 B D:\maximgui\utils\printto.m --> ftp.mathworks.com /incoming/bizdev/maximgui/maximgui/utils printto.m
99.06.10 11:28 B D:\maximgui\utils\quit_all.m --> ftp.mathworks.com /incoming/bizdev/maximgui/maximgui/utils quit_all.m
99.06.10 11:28 B D:\maximgui\utils\set_primary_model_state.m --> ftp.mathworks.com /incoming/bizdev/maximgui/maximgui/utils set_primary_model_state.m
99.06.10 11:28 B D:\maximgui\utils\set_std_model_state.m --> ftp.mathworks.com /incoming/bizdev/maximgui/maximgui/utils set_std_model_state.m
99.06.10 11:28 B D:\maximgui\utils\update_add_matrix_values.m --> ftp.mathworks.com /incoming/bizdev/maximgui/maximgui/utils update_add_matrix_values.m
99.06.10 11:28 B D:\maximgui\utils\update_add_nonsq_matrix_values.m --> ftp.mathworks.com /incoming/bizdev/maximgui/maximgui/utils update_add_nonsq_matrix_values.m
99.06.10 11:28 B D:\maximgui\utils\update_add_vector_values.m --> ftp.mathworks.com /incoming/bizdev/maximgui/maximgui/utils update_add_vector_values.m
99.06.10 11:28 B D:\maximgui\utils\update_matrix_values.m --> ftp.mathworks.com /incoming/bizdev/maximgui/maximgui/utils update_matrix_values.m
99.06.10 11:28 B D:\maximgui\utils\update_vector_values.m --> ftp.mathworks.com /incoming/bizdev/maximgui/maximgui/utils update_vector_values.m
