99.06.08 11:30 B J:\isis\depts\or\workspace\vkulkarn\maximgui\Modules\prob\bincdf.m --> isis.unc.edu /afs/isis.unc.edu/home/v/k/vkulkarn/public_html/maximgui/Modules/prob bincdf.m
99.06.08 11:30 B J:\isis\depts\or\workspace\vkulkarn\maximgui\Modules\prob\binpmftotal.m --> isis.unc.edu /afs/isis.unc.edu/home/v/k/vkulkarn/public_html/maximgui/Modules/prob binpmftotal.m
99.06.08 11:30 B J:\isis\depts\or\workspace\vkulkarn\maximgui\Modules\prob\cdf.m --> isis.unc.edu /afs/isis.unc.edu/home/v/k/vkulkarn/public_html/maximgui/Modules/prob cdf.m
99.06.08 11:30 B J:\isis\depts\or\workspace\vkulkarn\maximgui\Modules\prob\cdf_plot.m --> isis.unc.edu /afs/isis.unc.edu/home/v/k/vkulkarn/public_html/maximgui/Modules/prob cdf_plot.m
99.06.08 11:30 B J:\isis\depts\or\workspace\vkulkarn\maximgui\Modules\prob\erlangcdf.m --> isis.unc.edu /afs/isis.unc.edu/home/v/k/vkulkarn/public_html/maximgui/Modules/prob erlangcdf.m
99.06.08 11:30 B J:\isis\depts\or\workspace\vkulkarn\maximgui\Modules\prob\erlangpdf.m --> isis.unc.edu /afs/isis.unc.edu/home/v/k/vkulkarn/public_html/maximgui/Modules/prob erlangpdf.m
99.06.08 11:30 B J:\isis\depts\or\workspace\vkulkarn\maximgui\Modules\prob\expcdf.m --> isis.unc.edu /afs/isis.unc.edu/home/v/k/vkulkarn/public_html/maximgui/Modules/prob expcdf.m
99.06.08 11:30 B J:\isis\depts\or\workspace\vkulkarn\maximgui\Modules\prob\exppdf.m --> isis.unc.edu /afs/isis.unc.edu/home/v/k/vkulkarn/public_html/maximgui/Modules/prob exppdf.m
99.06.08 11:30 B J:\isis\depts\or\workspace\vkulkarn\maximgui\Modules\prob\geometriccdf.m --> isis.unc.edu /afs/isis.unc.edu/home/v/k/vkulkarn/public_html/maximgui/Modules/prob geometriccdf.m
99.06.08 11:30 B J:\isis\depts\or\workspace\vkulkarn\maximgui\Modules\prob\geometricpmf.m --> isis.unc.edu /afs/isis.unc.edu/home/v/k/vkulkarn/public_html/maximgui/Modules/prob geometricpmf.m
99.06.08 11:30 B J:\isis\depts\or\workspace\vkulkarn\maximgui\Modules\prob\mean_variance.m --> isis.unc.edu /afs/isis.unc.edu/home/v/k/vkulkarn/public_html/maximgui/Modules/prob mean_variance.m
99.06.08 11:30 B J:\isis\depts\or\workspace\vkulkarn\maximgui\Modules\prob\negbincdf.m --> isis.unc.edu /afs/isis.unc.edu/home/v/k/vkulkarn/public_html/maximgui/Modules/prob negbincdf.m
99.06.08 11:30 B J:\isis\depts\or\workspace\vkulkarn\maximgui\Modules\prob\negbinpmf.m --> isis.unc.edu /afs/isis.unc.edu/home/v/k/vkulkarn/public_html/maximgui/Modules/prob negbinpmf.m
99.06.08 11:30 B J:\isis\depts\or\workspace\vkulkarn\maximgui\Modules\prob\normalcdf.m --> isis.unc.edu /afs/isis.unc.edu/home/v/k/vkulkarn/public_html/maximgui/Modules/prob normalcdf.m
99.06.08 11:30 B J:\isis\depts\or\workspace\vkulkarn\maximgui\Modules\prob\normalpdf.m --> isis.unc.edu /afs/isis.unc.edu/home/v/k/vkulkarn/public_html/maximgui/Modules/prob normalpdf.m
99.06.08 11:30 B J:\isis\depts\or\workspace\vkulkarn\maximgui\Modules\prob\pmf.m --> isis.unc.edu /afs/isis.unc.edu/home/v/k/vkulkarn/public_html/maximgui/Modules/prob pmf.m
99.06.08 11:30 B J:\isis\depts\or\workspace\vkulkarn\maximgui\Modules\prob\pmf_plot.m --> isis.unc.edu /afs/isis.unc.edu/home/v/k/vkulkarn/public_html/maximgui/Modules/prob pmf_plot.m
99.06.08 11:30 B J:\isis\depts\or\workspace\vkulkarn\maximgui\Modules\prob\poissoncdf.m --> isis.unc.edu /afs/isis.unc.edu/home/v/k/vkulkarn/public_html/maximgui/Modules/prob poissoncdf.m
99.06.08 11:30 B J:\isis\depts\or\workspace\vkulkarn\maximgui\Modules\prob\poissonpmf.m --> isis.unc.edu /afs/isis.unc.edu/home/v/k/vkulkarn/public_html/maximgui/Modules/prob poissonpmf.m
99.06.08 11:30 B J:\isis\depts\or\workspace\vkulkarn\maximgui\Modules\prob\prob_output.m --> isis.unc.edu /afs/isis.unc.edu/home/v/k/vkulkarn/public_html/maximgui/Modules/prob prob_output.m
99.06.08 11:30 B J:\isis\depts\or\workspace\vkulkarn\maximgui\Modules\prob\prob_print_template.m --> isis.unc.edu /afs/isis.unc.edu/home/v/k/vkulkarn/public_html/maximgui/Modules/prob prob_print_template.m
99.06.08 11:30 B J:\isis\depts\or\workspace\vkulkarn\maximgui\Modules\prob\scroll_cdf.m --> isis.unc.edu /afs/isis.unc.edu/home/v/k/vkulkarn/public_html/maximgui/Modules/prob scroll_cdf.m
99.06.08 11:30 B J:\isis\depts\or\workspace\vkulkarn\maximgui\Modules\prob\scroll_pmf.m --> isis.unc.edu /afs/isis.unc.edu/home/v/k/vkulkarn/public_html/maximgui/Modules/prob scroll_pmf.m
99.06.10 11:27 B D:\maximgui\Modules\prob\bincdf.m --> ftp.mathworks.com /incoming/bizdev/maximgui/maximgui/Modules/prob bincdf.m
99.06.10 11:27 B D:\maximgui\Modules\prob\binpmftotal.m --> ftp.mathworks.com /incoming/bizdev/maximgui/maximgui/Modules/prob binpmftotal.m
99.06.10 11:27 B D:\maximgui\Modules\prob\cdf.m --> ftp.mathworks.com /incoming/bizdev/maximgui/maximgui/Modules/prob cdf.m
99.06.10 11:27 B D:\maximgui\Modules\prob\cdf_plot.m --> ftp.mathworks.com /incoming/bizdev/maximgui/maximgui/Modules/prob cdf_plot.m
99.06.10 11:27 B D:\maximgui\Modules\prob\erlangcdf.m --> ftp.mathworks.com /incoming/bizdev/maximgui/maximgui/Modules/prob erlangcdf.m
99.06.10 11:27 B D:\maximgui\Modules\prob\erlangpdf.m --> ftp.mathworks.com /incoming/bizdev/maximgui/maximgui/Modules/prob erlangpdf.m
99.06.10 11:27 B D:\maximgui\Modules\prob\expcdf.m --> ftp.mathworks.com /incoming/bizdev/maximgui/maximgui/Modules/prob expcdf.m
99.06.10 11:27 B D:\maximgui\Modules\prob\exppdf.m --> ftp.mathworks.com /incoming/bizdev/maximgui/maximgui/Modules/prob exppdf.m
99.06.10 11:27 B D:\maximgui\Modules\prob\geometriccdf.m --> ftp.mathworks.com /incoming/bizdev/maximgui/maximgui/Modules/prob geometriccdf.m
99.06.10 11:27 B D:\maximgui\Modules\prob\geometricpmf.m --> ftp.mathworks.com /incoming/bizdev/maximgui/maximgui/Modules/prob geometricpmf.m
99.06.10 11:27 B D:\maximgui\Modules\prob\mean_variance.m --> ftp.mathworks.com /incoming/bizdev/maximgui/maximgui/Modules/prob mean_variance.m
99.06.10 11:27 B D:\maximgui\Modules\prob\negbincdf.m --> ftp.mathworks.com /incoming/bizdev/maximgui/maximgui/Modules/prob negbincdf.m
99.06.10 11:27 B D:\maximgui\Modules\prob\negbinpmf.m --> ftp.mathworks.com /incoming/bizdev/maximgui/maximgui/Modules/prob negbinpmf.m
99.06.10 11:27 B D:\maximgui\Modules\prob\normalcdf.m --> ftp.mathworks.com /incoming/bizdev/maximgui/maximgui/Modules/prob normalcdf.m
99.06.10 11:27 B D:\maximgui\Modules\prob\normalpdf.m --> ftp.mathworks.com /incoming/bizdev/maximgui/maximgui/Modules/prob normalpdf.m
99.06.10 11:27 B D:\maximgui\Modules\prob\pmf.m --> ftp.mathworks.com /incoming/bizdev/maximgui/maximgui/Modules/prob pmf.m
99.06.10 11:27 B D:\maximgui\Modules\prob\pmf_plot.m --> ftp.mathworks.com /incoming/bizdev/maximgui/maximgui/Modules/prob pmf_plot.m
99.06.10 11:27 B D:\maximgui\Modules\prob\poissoncdf.m --> ftp.mathworks.com /incoming/bizdev/maximgui/maximgui/Modules/prob poissoncdf.m
99.06.10 11:27 B D:\maximgui\Modules\prob\poissonpmf.m --> ftp.mathworks.com /incoming/bizdev/maximgui/maximgui/Modules/prob poissonpmf.m
99.06.10 11:27 B D:\maximgui\Modules\prob\prob_output.m --> ftp.mathworks.com /incoming/bizdev/maximgui/maximgui/Modules/prob prob_output.m
99.06.10 11:27 B D:\maximgui\Modules\prob\prob_print_template.m --> ftp.mathworks.com /incoming/bizdev/maximgui/maximgui/Modules/prob prob_print_template.m
99.06.10 11:27 B D:\maximgui\Modules\prob\scroll_cdf.m --> ftp.mathworks.com /incoming/bizdev/maximgui/maximgui/Modules/prob scroll_cdf.m
99.06.10 11:27 B D:\maximgui\Modules\prob\scroll_pmf.m --> ftp.mathworks.com /incoming/bizdev/maximgui/maximgui/Modules/prob scroll_pmf.m
