#
# An unexpected error has been detected by HotSpot Virtual Machine:
#
#  Internal Error (4E4D4554484F440E435050051B), pid=4524, tid=3524
#
# Java VM: Java HotSpot(TM) Client VM (1.5.0-b64 mixed mode)

---------------  T H R E A D  ---------------

Current thread (0x0e077578):  JavaThread "AWT-EventQueue-0" [_thread_in_Java, id=3524]

Stack: [0x0e630000,0x0e6b0000),  sp=0x0e6af284,  free space=508k
Native frames: (J=compiled Java code, j=interpreted, Vv=VM code, C=native code)
V  [jvm.dll+0x11182c]
V  [jvm.dll+0x60e50]
V  [jvm.dll+0xcccaf]
V  [jvm.dll+0xe8863]
V  [jvm.dll+0xd2e5e]
V  [jvm.dll+0xd4186]
V  [jvm.dll+0x8155e]
V  [jvm.dll+0x812bb]
V  [jvm.dll+0x9bbe9]
V  [jvm.dll+0xfe77f]
V  [jvm.dll+0xfe74d]
C  [msvcrt.dll+0x2a3b0]
C  [kernel32.dll+0xb683]


---------------  P R O C E S S  ---------------

Java Threads: ( => current thread )
  0x0e8b1af0 JavaThread "Timer-MWTextView caret" [_thread_blocked, id=476]
  0x0e2a9008 JavaThread "Timer-MWToolTip" [_thread_blocked, id=4160]
  0x0e2a6458 JavaThread "Prefs Updater" [_thread_blocked, id=2408]
  0x0dfaf748 JavaThread "FigureTreeLockThread" [_thread_blocked, id=5580]
  0x0e2339f8 JavaThread "Text-Layout" [_thread_blocked, id=1452]
  0x0e7ae3a8 JavaThread "Thread-4" [_thread_in_native, id=3768]
  0x0e748558 JavaThread "Timer-1" daemon [_thread_blocked, id=4968]
  0x0e09f298 JavaThread "TimerQueue" daemon [_thread_blocked, id=6008]
=>0x0e077578 JavaThread "AWT-EventQueue-0" [_thread_in_Java, id=3524]
  0x0e077238 JavaThread "AWT-Shutdown" [_thread_blocked, id=4688]
  0x0dff7898 JavaThread "Java2D Disposer" daemon [_thread_blocked, id=472]
  0x0dfec0c0 JavaThread "Timer-0" [_thread_blocked, id=5208]
  0x0dfafaa0 JavaThread "AWT-Windows" daemon [_thread_in_native, id=3448]
  0x039f5a30 JavaThread "Low Memory Detector" daemon [_thread_blocked, id=2708]
  0x039f4738 JavaThread "CompilerThread0" daemon [_thread_blocked, id=6092]
  0x039f3a30 JavaThread "Signal Dispatcher" daemon [_thread_blocked, id=1460]
  0x039eac78 JavaThread "Finalizer" daemon [_thread_blocked, id=3896]
  0x039e97e8 JavaThread "Reference Handler" daemon [_thread_blocked, id=4388]
  0x0027a858 JavaThread "main" [_thread_in_native, id=556]

Other Threads:
  0x039e56a0 VMThread [id=1568]
  0x039f6d38 WatcherThread [id=5596]

VM state:not at safepoint (normal execution)

VM Mutex/Monitor currently owned by a thread: None

Heap
 def new generation   total 14848K, used 1522K [0x05a30000, 0x06a40000, 0x07230000)
  eden space 13248K,   7% used [0x05a30000, 0x05b2a1c0, 0x06720000)
  from space 1600K,  32% used [0x068b0000, 0x06932890, 0x06a40000)
  to   space 1600K,   0% used [0x06720000, 0x06720000, 0x068b0000)
 tenured generation   total 49152K, used 35691K [0x07230000, 0x0a230000, 0x0ba30000)
   the space 49152K,  72% used [0x07230000, 0x0950ade0, 0x0950ae00, 0x0a230000)
 compacting perm gen  total 24064K, used 23916K [0x0ba30000, 0x0d1b0000, 0x0da30000)
   the space 24064K,  99% used [0x0ba30000, 0x0d18b180, 0x0d18b200, 0x0d1b0000)
No shared spaces configured.

Dynamic libraries:
0x00400000 - 0x004d3000 	C:\Appl\MatlabR14\bin\win32\MATLAB.exe
0x7c900000 - 0x7c9b0000 	C:\WINDOWS\system32\ntdll.dll
0x7c800000 - 0x7c8f4000 	C:\WINDOWS\system32\kernel32.dll
0x78550000 - 0x7855d000 	C:\Appl\MatlabR14\bin\win32\libmat.dll
0x78500000 - 0x7853e000 	C:\Appl\MatlabR14\bin\win32\libmx.dll
0x781f0000 - 0x78284000 	C:\Appl\MatlabR14\bin\win32\icuuc32.dll
0x77dd0000 - 0x77e6b000 	C:\WINDOWS\system32\ADVAPI32.dll
0x77e70000 - 0x77f01000 	C:\WINDOWS\system32\RPCRT4.dll
0x10000000 - 0x10005000 	C:\Appl\MatlabR14\bin\win32\icudt32.dll
0x7c340000 - 0x7c396000 	C:\Appl\MatlabR14\bin\win32\MSVCR71.dll
0x00240000 - 0x00252000 	C:\Appl\MatlabR14\bin\win32\libz.dll
0x78450000 - 0x784f3000 	C:\Appl\MatlabR14\bin\win32\libut.dll
0x76c90000 - 0x76cb8000 	C:\WINDOWS\system32\imagehlp.dll
0x77c10000 - 0x77c68000 	C:\WINDOWS\system32\msvcrt.dll
0x78100000 - 0x781aa000 	C:\Appl\MatlabR14\bin\win32\icuin32.dll
0x781b0000 - 0x781bb000 	C:\Appl\MatlabR14\bin\win32\icuio32.dll
0x7c3a0000 - 0x7c41b000 	C:\Appl\MatlabR14\bin\win32\MSVCP71.dll
0x77d40000 - 0x77dd0000 	C:\WINDOWS\system32\USER32.dll
0x77f10000 - 0x77f57000 	C:\WINDOWS\system32\GDI32.dll
0x774e0000 - 0x7761d000 	C:\WINDOWS\system32\ole32.dll
0x77120000 - 0x771ac000 	C:\WINDOWS\system32\OLEAUT32.dll
0x78d40000 - 0x78e46000 	C:\Appl\MatlabR14\bin\win32\libmwservices.dll
0x763b0000 - 0x763f9000 	C:\WINDOWS\system32\comdlg32.dll
0x77f60000 - 0x77fd6000 	C:\WINDOWS\system32\SHLWAPI.dll
0x5d090000 - 0x5d12a000 	C:\WINDOWS\system32\COMCTL32.dll
0x7c9c0000 - 0x7d1d5000 	C:\WINDOWS\system32\SHELL32.dll
0x78570000 - 0x7858a000 	C:\Appl\MatlabR14\bin\win32\mpath.dll
0x5b860000 - 0x5b8b4000 	C:\WINDOWS\system32\NETAPI32.dll
0x71ab0000 - 0x71ac7000 	C:\WINDOWS\system32\WS2_32.dll
0x71aa0000 - 0x71aa8000 	C:\WINDOWS\system32\WS2HELP.dll
0x78540000 - 0x7854f000 	C:\Appl\MatlabR14\bin\win32\libmex.dll
0x78560000 - 0x7856e000 	C:\Appl\MatlabR14\bin\win32\mvalue.dll
0x786c0000 - 0x7872e000 	C:\Appl\MatlabR14\bin\win32\m_dispatcher.dll
0x78290000 - 0x78430000 	C:\Appl\MatlabR14\bin\win32\xerces-c_2_6.dll
0x78d20000 - 0x78d36000 	C:\Appl\MatlabR14\bin\win32\datasvcs.dll
0x791c0000 - 0x791db000 	C:\Appl\MatlabR14\bin\win32\mcr.dll
0x78730000 - 0x78a3a000 	C:\Appl\MatlabR14\bin\win32\m_interpreter.dll
0x78590000 - 0x78628000 	C:\Appl\MatlabR14\bin\win32\mcos.dll
0x78c90000 - 0x78d20000 	C:\Appl\MatlabR14\bin\win32\mlib.dll
0x78a40000 - 0x78bd6000 	C:\Appl\MatlabR14\bin\win32\m_parser.dll
0x78c80000 - 0x78c8d000 	C:\Appl\MatlabR14\bin\win32\ir_xfmr.dll
0x78be0000 - 0x78c3b000 	C:\Appl\MatlabR14\bin\win32\m_ir.dll
0x78c40000 - 0x78c54000 	C:\Appl\MatlabR14\bin\win32\m_pcodegen.dll
0x78c60000 - 0x78c74000 	C:\Appl\MatlabR14\bin\win32\m_pcodeio.dll
0x79990000 - 0x799e4000 	C:\Appl\MatlabR14\bin\win32\udd_mi.dll
0x78630000 - 0x786b2000 	C:\Appl\MatlabR14\bin\win32\udd.dll
0x799f0000 - 0x79a1b000 	C:\Appl\MatlabR14\bin\win32\jmi.dll
0x79aa0000 - 0x79b3d000 	C:\Appl\MatlabR14\bin\win32\bridge.dll
0x77c00000 - 0x77c08000 	C:\WINDOWS\system32\VERSION.dll
0x78f70000 - 0x79009000 	C:\Appl\MatlabR14\bin\win32\libmwgui.dll
0x79980000 - 0x79990000 	C:\Appl\MatlabR14\bin\win32\mwoles05.dll
0x79a20000 - 0x79a59000 	C:\Appl\MatlabR14\bin\win32\comcli.dll
0x78eb0000 - 0x78f2b000 	C:\Appl\MatlabR14\bin\win32\uiw.dll
0x78f30000 - 0x78f53000 	C:\Appl\MatlabR14\bin\win32\libuij.dll
0x79190000 - 0x791bb000 	C:\Appl\MatlabR14\bin\win32\libmwhardcopy.dll
0x78f60000 - 0x78f69000 	C:\Appl\MatlabR14\bin\win32\uinone.dll
0x7c140000 - 0x7c243000 	C:\Appl\MatlabR14\bin\win32\MFC71.DLL
0x73000000 - 0x73026000 	C:\WINDOWS\system32\WINSPOOL.DRV
0x7c120000 - 0x7c139000 	C:\Appl\MatlabR14\bin\win32\ATL71.DLL
0x79a60000 - 0x79a69000 	C:\Appl\MatlabR14\bin\win32\mlautoregister.dll
0x79010000 - 0x79162000 	C:\Appl\MatlabR14\bin\win32\hg.dll
0x791e0000 - 0x7934d000 	C:\Appl\MatlabR14\bin\win32\numerics.dll
0x79910000 - 0x79917000 	C:\Appl\MatlabR14\bin\win32\libmwamd.dll
0x793a0000 - 0x79426000 	C:\Appl\MatlabR14\bin\win32\libfftw3.dll
0x79430000 - 0x794b1000 	C:\Appl\MatlabR14\bin\win32\libfftw3f.dll
0x79350000 - 0x79373000 	C:\Appl\MatlabR14\bin\win32\libmwlapack.dll
0x79920000 - 0x79975000 	C:\Appl\MatlabR14\bin\win32\libmwumfpackv4.3.dll
0x773d0000 - 0x774d3000 	C:\WINDOWS\WinSxS\x86_Microsoft.Windows.Common-Controls_6595b64144ccf1df_6.0.2600.2982_x-ww_ac3f9c03\comctl32.dll
0x7c300000 - 0x7c30e000 	C:\Appl\MatlabR14\bin\win32\MFC71ENU.DLL
0x79380000 - 0x79398000 	C:\Appl\MatlabR14\bin\win32\mkl.dll
0x794c0000 - 0x79907000 	C:\Appl\MatlabR14\bin\win32\lapack.dll
0x01e10000 - 0x01e8e000 	C:\Appl\MatlabR14\bin\win32\DFORMD.DLL
0x74290000 - 0x74294000 	C:\WINDOWS\system32\icmp.Dll
0x76d60000 - 0x76d79000 	C:\WINDOWS\system32\iphlpapi.dll
0x71a50000 - 0x71a8f000 	C:\WINDOWS\System32\mswsock.dll
0x76f20000 - 0x76f47000 	C:\WINDOWS\system32\DNSAPI.dll
0x76fb0000 - 0x76fb8000 	C:\WINDOWS\System32\winrnr.dll
0x76f60000 - 0x76f8c000 	C:\WINDOWS\system32\WLDAP32.dll
0x77fe0000 - 0x77ff1000 	C:\WINDOWS\system32\Secur32.dll
0x5ad70000 - 0x5ada8000 	c:\windows\system32\uxtheme.dll
0x662b0000 - 0x66308000 	C:\WINDOWS\system32\hnetcfg.dll
0x71a90000 - 0x71a98000 	C:\WINDOWS\System32\wshtcpip.dll
0x76fc0000 - 0x76fc6000 	C:\WINDOWS\system32\rasadhlp.dll
0x74720000 - 0x7476b000 	C:\WINDOWS\system32\MSCTF.dll
0x6d640000 - 0x6d7c5000 	C:\Appl\MatlabR14\sys\java\jre\win32\jre1.5.0\bin\client\jvm.dll
0x76b40000 - 0x76b6d000 	C:\WINDOWS\system32\WINMM.dll
0x6d280000 - 0x6d288000 	C:\Appl\MatlabR14\sys\java\jre\win32\jre1.5.0\bin\hpi.dll
0x76bf0000 - 0x76bfb000 	C:\WINDOWS\system32\PSAPI.DLL
0x6d610000 - 0x6d61c000 	C:\Appl\MatlabR14\sys\java\jre\win32\jre1.5.0\bin\verify.dll
0x6d300000 - 0x6d31d000 	C:\Appl\MatlabR14\sys\java\jre\win32\jre1.5.0\bin\java.dll
0x6d630000 - 0x6d63f000 	C:\Appl\MatlabR14\sys\java\jre\win32\jre1.5.0\bin\zip.dll
0x79b40000 - 0x79b51000 	C:\Appl\MatlabR14\bin\win32\jmi_mi.dll
0x6d000000 - 0x6d166000 	C:\Appl\MatlabR14\sys\java\jre\win32\jre1.5.0\bin\awt.dll
0x76390000 - 0x763ad000 	C:\WINDOWS\system32\IMM32.dll
0x7a790000 - 0x7a79d000 	C:\Appl\MatlabR14\bin\win32\nativejava.dll
0x6d240000 - 0x6d27d000 	C:\Appl\MatlabR14\sys\java\jre\win32\jre1.5.0\bin\fontmanager.dll
0x6d4c0000 - 0x6d4d3000 	C:\Appl\MatlabR14\sys\java\jre\win32\jre1.5.0\bin\net.dll
0x6d4e0000 - 0x6d4e9000 	C:\Appl\MatlabR14\sys\java\jre\win32\jre1.5.0\bin\nio.dll
0x03920000 - 0x03925000 	C:\Appl\MatlabR14\bin\win32\nativeservices.dll
0x7a7a0000 - 0x7a7ac000 	C:\Appl\MatlabR14\bin\win32\nativelex.dll
0x5dff0000 - 0x5e015000 	C:\WINDOWS\System32\spool\DRIVERS\W32X86\3\PS5UI.DLL
0x78e50000 - 0x78ea4000 	C:\Appl\MatlabR14\bin\win32\libmwbuiltins.dll
0x77b40000 - 0x77b62000 	C:\WINDOWS\system32\Apphelp.dll
0x6d1c0000 - 0x6d1e3000 	C:\Appl\MatlabR14\sys\java\jre\win32\jre1.5.0\bin\dcpr.dll
0x7a7b0000 - 0x7a7c9000 	C:\Appl\MatlabR14\bin\win32\nativehg.dll
0x6d360000 - 0x6d366000 	C:\Appl\MatlabR14\sys\java\jre\win32\jre1.5.0\bin\jawt.dll
0x0fe10000 - 0x0fe18000 	C:\Appl\MatlabR14\toolbox\matlab\graph2d\private\lineseriesmex.mexw32
0x7b980000 - 0x7bcb9000 	C:\Appl\MatlabR14\bin\win32\mkl_p4p.dll
0x7bd80000 - 0x7bdb3000 	C:\Appl\MatlabR14\bin\win32\libguide40.dll
0x20000000 - 0x202c5000 	C:\WINDOWS\system32\xpsp2res.dll
0x76fd0000 - 0x7704f000 	C:\WINDOWS\system32\CLBCATQ.DLL
0x77050000 - 0x77115000 	C:\WINDOWS\system32\COMRes.dll
0x769c0000 - 0x76a73000 	C:\WINDOWS\system32\USERENV.dll
0x77920000 - 0x77a13000 	C:\WINDOWS\system32\SETUPAPI.dll
0x76990000 - 0x769b5000 	C:\WINDOWS\system32\ntshrui.dll
0x76b20000 - 0x76b31000 	C:\WINDOWS\system32\ATL.DLL

VM Arguments:
jvm_args: -Xss512k -Xms64m -Xmx96m -XX:NewRatio=3 -XX:MaxPermSize=32M -Dsun.java2d.noddraw=true -Dsun.awt.nopixfmt=true -Xshare:off -Djava.library.path=C:\Appl\MatlabR14\bin\win32 vfprintf abort
java_command: <unknown>

Environment Variables:
CLASSPATH=C:\Program Files\Java\jre1.5.0_06\lib\ext\QTJava.zip
PATH=c:\appl\texmf\miktex\bin;c:\perl\bin\;c:\windows\system32;c:\windows;c:\windows\system32\wbem;C:\Appl\MatlabR14.2\bin\win32;c:\appl\matlabr14\bin\win32;c:\program files\quicktime alternative\browser\qtsystem\;c:\appl\gs\gs8.14\bin;c:\php;c:\php\pear;c:\program files\common files\gtk\2.0\bin;c:\program files\mysql\mysql server 5.0\bin;c:\epstool-3.08\bin;C:\VXIPNP\WinNT\Bin;c:\latex\tex4ht\bin\win32;C:\Program Files\Microsoft Visual Studio\Common\Tools\WinNT;C:\Program Files\Microsoft Visual Studio\Common\MSDev98\Bin;C:\Program Files\Microsoft Visual Studio\Common\Tools;C:\Program Files\Microsoft Visual Studio\VC98\bin;C:\Program Files\SSH Communications Security\SSH Secure Shell
USERNAME=krudysz
OS=Windows_NT
PROCESSOR_IDENTIFIER=x86 Family 15 Model 4 Stepping 3, GenuineIntel


---------------  S Y S T E M  ---------------

OS: Windows XP Build 2600 Service Pack 2

CPU:total 2 family 15, cmov, cx8, fxsr, mmx, sse, sse2, ht

Memory: 4k page, physical 1038404k(526800k free), swap 2496864k(1782832k free)

vm_info: Java HotSpot(TM) Client VM (1.5.0-b64) for windows-x86, built on Sep 15 2004 03:00:31 by "java_re" with MS VC++ 6.0

