0.01 -4.89434e-05 -6.9377e-07    
0.02 -4.81188e-05 -6.517e-07    
0.03 -4.88669e-05 -4.18447e-07    
0.04 -5.02426e-05 -9.87727e-08    
0.05 -5.06761e-05 9.52375e-08    
0.06 -5.05875e-05 1.52713e-07    
0.07 -5.03022e-05 1.84937e-07    
0.08 -4.98115e-05 4.03868e-07    
0.09 -4.95487e-05 9.73921e-07    
0.1 -4.95582e-05 1.7371e-06    
0.11 -4.96238e-05 2.1958e-06    
0.12 -4.97878e-05 1.58569e-06    
0.13 -5.00059e-05 -8.11097e-07    
0.14 -5.01271e-05 -5.02686e-06    
0.15 -5.01203e-05 -1.01201e-05    
0.16 -5.00168e-05 -1.47451e-05    
0.17 -4.98518e-05 -1.7997e-05    
0.18 -4.96678e-05 -1.9691e-05    
0.19 -4.94879e-05 -1.98737e-05    
0.2 -4.9317e-05 -1.83003e-05    
0.21 -4.91671e-05 -1.45985e-05    
0.22 -4.90832e-05 -8.83198e-06    
0.23 -4.91172e-05 -1.63537e-06    
0.24 -4.9288e-05 6.23075e-06    
0.25 -4.9546e-05 1.43436e-05    
0.26 -4.97628e-05 2.27159e-05    
0.27 -4.98087e-05 3.15354e-05    
0.28 -4.96741e-05 4.07971e-05    
0.29 -4.95126e-05 5.01461e-05    
0.3 -4.94706e-05 5.90045e-05    
0.31 -4.95837e-05 6.6729e-05    
0.32 -4.9825e-05 7.26911e-05    
0.33 -5.00973e-05 7.66346e-05    
0.34 -5.02941e-05 7.88873e-05    
0.35 -5.03977e-05 8.00914e-05    
0.36 -5.04452e-05 8.09044e-05    
0.37 -5.04816e-05 8.1554e-05    
0.38 -5.05237e-05 8.17915e-05    
0.39 -5.05549e-05 8.10158e-05    
0.4 -5.05703e-05 7.83648e-05    
0.41 -5.06209e-05 7.27994e-05    
0.42 -5.07475e-05 6.32826e-05    
0.43 -5.08834e-05 4.96479e-05    
0.44 -5.09468e-05 3.23711e-05    
0.45 -5.08871e-05 1.24114e-05    
0.46 -5.07155e-05 -9.2274e-06    
0.47 -5.05273e-05 -3.17587e-05    
0.48 -5.03925e-05 -5.43139e-05    
0.49 -5.03351e-05 -7.54675e-05    
0.5 -5.00099e-05 -9.43444e-05    
0.51 -4.90474e-05 -0.000111515    
0.52 -4.7789e-05 -0.000126265    
0.53 -4.6492e-05 -0.000138482    
0.54 -4.5282e-05 -0.00014841    
0.55 -4.41811e-05 -0.000156517    
0.56 -4.31604e-05 -0.000163367    
0.57 -4.21815e-05 -0.000169221    
0.58 -4.11761e-05 -0.00017428    
0.59 -4.02656e-05 -0.000178332    
0.6 -3.96015e-05 -0.000181074    
0.61 -3.9271e-05 -0.000182041    
0.614286 -3.92259e-05 -0.000181773    
0.617041 -3.92339e-05 -0.000181335    
0.621173 -3.93626e-05 -0.000180216    
0.627372 -3.97377e-05 -0.000177391    
0.631358 -4.00562e-05 -0.000174812    
0.637335 -4.07409e-05 -0.000169695    
0.646301 -4.19846e-05 -0.000159588    
0.656301 -4.38566e-05 -0.000144791    
0.666301 -4.60735e-05 -0.000126979    
0.676301 -4.83137e-05 -0.000107074    
0.686301 -4.99722e-05 -8.64678e-05    
0.696301 -5.05123e-05 -6.62431e-05    
0.706301 -5.06308e-05 -4.45259e-05    
0.716301 -5.05907e-05 -2.17874e-05    
0.726301 -5.05533e-05 1.22921e-06    
0.736301 -5.06241e-05 2.27921e-05    
0.746301 -5.07952e-05 4.10201e-05    
0.756301 -5.09575e-05 5.47352e-05    
0.766301 -5.10257e-05 6.3833e-05    
0.776301 -5.09989e-05 6.89448e-05    
0.786301 -5.09289e-05 7.14424e-05    
0.796301 -5.09349e-05 7.24306e-05    
0.806301 -5.10804e-05 7.28995e-05    
0.816301 -5.13385e-05 7.36669e-05    
0.826301 -5.16249e-05 7.52515e-05    
0.836301 -5.18661e-05 7.77901e-05    
0.838138 -5.18672e-05 7.8352e-05    
0.840893 -5.19082e-05 7.92524e-05    
0.845026 -5.1999e-05 8.0746e-05    
0.851225 -5.20534e-05 8.35082e-05    
0.852933 -5.20027e-05 8.44196e-05    
0.855495 -5.19614e-05 8.58809e-05    
0.859337 -5.1913e-05 8.84169e-05    
0.865101 -5.17498e-05 9.32405e-05    
0.86669 -5.16435e-05 9.47942e-05    
0.86771 -5.15548e-05 9.58508e-05    
0.869242 -5.1439e-05 9.74884e-05    
0.871539 -5.11694e-05 9.99777e-05    
0.874984 -5.04943e-05 0.000103102    
0.880153 -4.9148e-05 0.000106258    
0.887905 -4.76768e-05 0.00011164    
0.897905 -4.71633e-05 0.00012841    
0.902191 -4.70495e-05 0.000139988    
0.908619 -4.62389e-05 0.000158535    
0.918262 -4.33429e-05 0.000178971    
0.922548 -4.17258e-05 0.000183393    
0.928977 -3.9941e-05 0.000185823    
0.933109 -3.93275e-05 0.000185975    
0.934248 -3.92003e-05 0.000185982    
0.935956 -3.91088e-05 0.000186031    
0.938518 -3.91266e-05 0.000186308    
0.94236 -3.93044e-05 0.000187382    
0.948124 -3.95571e-05 0.000190219    
0.956771 -3.94971e-05 0.00019445    
0.961056 -3.92179e-05 0.00019569    
0.963811 -3.89776e-05 0.000195989    
0.965582 -3.88031e-05 0.000195961    
0.968239 -3.85659e-05 0.000195476    
0.969947 -3.83787e-05 0.000194828    
0.971045 -3.82305e-05 0.000194248    
0.971751 -3.81158e-05 0.000193805    
0.97281 -3.79799e-05 0.000193017    
0.974398 -3.78429e-05 0.000191557    
0.97678 -3.77595e-05 0.000188813    
0.978311 -3.77562e-05 0.000186755    
0.980608 -3.79098e-05 0.000183372    
0.984054 -3.85026e-05 0.000178076    
0.989222 -4.00469e-05 0.000170841    
0.996974 -4.27735e-05 0.000162454    
1.00697 -4.56875e-05 0.000150838    
1.01126 -4.65012e-05 0.000143963    
1.01402 -4.69895e-05 0.000138324    
1.01815 -4.7784e-05 0.000128409    
1.02435 -4.91608e-05 0.00011249    
1.03365 -5.1051e-05 9.48951e-05    
1.04365 -5.22878e-05 8.71093e-05    
1.05365 -5.24812e-05 8.09027e-05    
1.06365 -5.19687e-05 6.50616e-05    
1.06793 -5.18137e-05 5.40069e-05    
1.06911 -5.17693e-05 5.06232e-05    
1.07088 -5.17713e-05 4.53753e-05    
1.07354 -5.1896e-05 3.72983e-05    
1.07752 -5.22496e-05 2.51954e-05    
1.0835 -5.28431e-05 7.5458e-06    
1.09247 -5.29448e-05 -1.92139e-05    
1.10247 -5.1614e-05 -5.05792e-05    
1.11247 -4.99244e-05 -7.9319e-05    
1.12247 -4.81205e-05 -0.00010229    
1.13247 -4.64647e-05 -0.000119786    
1.14247 -4.42761e-05 -0.000137442    
1.15247 -4.11558e-05 -0.000158405    
1.16247 -3.82677e-05 -0.0001784    
1.17247 -3.68133e-05 -0.000192513    
1.18247 -3.62495e-05 -0.000200976    
1.18675 -3.60042e-05 -0.000203627    
1.18951 -3.57873e-05 -0.00020529    
1.19128 -3.56156e-05 -0.000206379    
1.19242 -3.54823e-05 -0.000207095    
1.19413 -3.5319e-05 -0.000208173    
1.19669 -3.51153e-05 -0.000209801    
1.20053 -3.48629e-05 -0.000212174    
1.203 -3.47034e-05 -0.000213636    
1.20459 -3.46006e-05 -0.000214541    
1.20561 -3.45268e-05 -0.00021511    
1.20714 -3.44684e-05 -0.000215935    
1.20944 -3.44418e-05 -0.000217132    
1.21092 -3.44132e-05 -0.000217883    
1.21313 -3.44707e-05 -0.00021886    
1.21645 -3.49371e-05 -0.000219594    
1.21859 -3.5495e-05 -0.000219468    
1.21996 -3.59465e-05 -0.000219132    
1.22202 -3.6774e-05 -0.000218323    
1.22511 -3.80692e-05 -0.000216942    
1.22975 -3.92652e-05 -0.000216707    
1.23272 -3.92093e-05 -0.000218759    
1.23464 -3.8736e-05 -0.000221357    
1.23587 -3.82371e-05 -0.000223609    
1.23772 -3.73408e-05 -0.000227696    
1.24049 -3.58593e-05 -0.000234795    
1.24464 -3.3757e-05 -0.00024575    
1.25088 -3.11713e-05 -0.000259323    
1.26022 -2.77316e-05 -0.000274437    
1.26451 -2.56029e-05 -0.000281832    
1.26727 -2.38202e-05 -0.000287913    
1.2714 -2.0322e-05 -0.000299913    
1.2776 -1.39828e-05 -0.000322828    
1.2869 -5.09701e-06 -0.000358769    
1.28768 -4.38531e-06 -0.000361685    
1.28886 -3.41453e-06 -0.000365925    
1.29063 -2.16261e-06 -0.000371954    
1.29329 -6.72213e-07 -0.000380173    
1.29728 1.07539e-06 -0.000391153    
1.29837 1.54901e-06 -0.000393966    
1.30002 2.18637e-06 -0.000398042    
1.30249 2.98247e-06 -0.000403806    
1.3062 3.89562e-06 -0.000411541    
1.31176 5.14007e-06 -0.000421362    
1.31329 5.5757e-06 -0.000423772    
1.31558 6.16641e-06 -0.000427086    
1.31903 6.17789e-06 -0.000429922    
1.32124 5.2133e-06 -0.000429385    
1.32267 4.04147e-06 -0.00042764    
1.3248 1.39895e-06 -0.000422716    
1.32801 -4.06273e-06 -0.000410527    
1.33281 -1.27425e-05 -0.000386873    
1.34002 -1.86915e-05 -0.000360974    
1.34186 -1.82609e-05 -0.000358187    
1.34304 -1.74993e-05 -0.000357534    
1.34481 -1.57979e-05 -0.000358186    
1.34747 -1.22926e-05 -0.00036213    
1.35145 -5.74106e-06 -0.000372061    
1.35743 2.13554e-06 -0.00038262    
1.3664 1.30749e-06 -0.000363478    
1.3764 -1.46662e-05 -0.000296538    
1.3864 -3.20836e-05 -0.000218552    
1.3964 -4.23154e-05 -0.000158154    
1.4064 -4.84329e-05 -0.000111524    
1.41068 -5.05079e-05 -9.3114e-05    
1.41186 -5.09852e-05 -8.80533e-05    
1.41363 -5.16986e-05 -8.04034e-05    
1.41629 -5.23365e-05 -6.97441e-05    
1.42028 -5.29234e-05 -5.36952e-05    
1.42625 -5.29909e-05 -3.09354e-05    
1.43522 -5.23315e-05 2.39217e-06    
1.44522 -5.19824e-05 4.40108e-05    
1.45522 -5.18328e-05 9.0753e-05    
1.46522 -4.93611e-05 0.000137191    
1.47522 -4.46832e-05 0.000173349    
1.48522 -3.99433e-05 0.000195253    
1.49522 -3.57492e-05 0.000210282    
1.49951 -3.4115e-05 0.000216409    
1.50226 -3.30998e-05 0.000220702    
1.50403 -3.24103e-05 0.000223587    
1.50669 -3.10767e-05 0.000227189    
1.51067 -2.77856e-05 0.00022775    
1.51665 -2.27254e-05 0.000213757    
1.52562 -2.26865e-05 0.000186488    
1.53562 -3.14854e-05 0.000192763    
1.54562 -3.89467e-05 0.000236041    
1.55562 -3.96497e-05 0.000262785    
1.56562 -3.72785e-05 0.000244619    
1.57562 -3.72099e-05 0.00020919    
1.58312 -3.8862e-05 0.000194288    
1.59312 -4.00642e-05 0.000194198    
1.5939 -4.00008e-05 0.000194867    
1.59509 -3.99063e-05 0.000195901    
1.59686 -3.97502e-05 0.000197399    
1.59951 -3.94183e-05 0.000199226    
1.60122 -3.91087e-05 0.000200013    
1.60378 -3.86215e-05 0.000200451    
1.60763 -3.80369e-05 0.000199467    
1.6101 -3.78365e-05 0.000197927    
1.61168 -3.78087e-05 0.000196658    
1.6127 -3.78302e-05 0.000195738    
1.61424 -3.79595e-05 0.000194152    
1.61653 -3.82326e-05 0.000191014    
1.61998 -3.8674e-05 0.00018366    
1.62515 -3.99622e-05 0.000165459    
1.6329 -4.41742e-05 0.000127569    
1.6429 -5.02116e-05 8.27006e-05    
1.64719 -5.23298e-05 6.85909e-05    
1.64994 -5.33234e-05 6.17414e-05    
1.65171 -5.38061e-05 5.79707e-05    
1.65437 -5.4347e-05 5.27047e-05    
1.65835 -5.46927e-05 4.47697e-05    
1.66433 -5.44341e-05 3.27781e-05    
1.6733 -5.37666e-05 2.24188e-05    
1.6833 -5.37149e-05 2.9825e-05    
1.68513 -5.37598e-05 3.35185e-05    
1.68631 -5.37808e-05 3.61589e-05    
1.68809 -5.38447e-05 4.03166e-05    
1.69074 -5.39279e-05 4.64575e-05    
1.69473 -5.38963e-05 5.37336e-05    
1.70071 -5.35912e-05 5.82397e-05    
1.70235 -5.34544e-05 5.80405e-05    
1.70341 -5.33604e-05 5.76058e-05    
1.705 -5.32562e-05 5.65314e-05    
1.70738 -5.30939e-05 5.40176e-05    
1.71095 -5.27544e-05 4.86318e-05    
1.71631 -5.23151e-05 3.91608e-05    
1.72435 -5.23967e-05 3.00604e-05    
1.73435 -5.3187e-05 3.35196e-05    
1.74435 -5.34182e-05 4.93622e-05    
1.75435 -5.26867e-05 6.94174e-05    
1.76435 -5.11938e-05 9.19394e-05    
1.76619 -5.08828e-05 9.62608e-05    
1.76895 -5.05288e-05 0.000102737    
1.77308 -5.00566e-05 0.000112872    
1.77928 -4.92761e-05 0.000129629    
1.78858 -4.6627e-05 0.000163294    
1.79858 -3.97041e-05 0.000213046    
1.80858 -2.75786e-05 0.000270426    
1.81041 -2.49001e-05 0.000280913    
1.81159 -2.31394e-05 0.000287523    
1.81336 -2.0386e-05 0.000297241    
1.81602 -1.60613e-05 0.000310229    
1.82001 -9.01408e-06 0.000322386    
1.82598 1.00963e-06 0.00032325    
1.83495 5.81969e-06 0.000311276    
1.84495 -1.06953e-07 0.000324814    
1.85495 -6.31227e-06 0.000366208    
1.86495 -6.54943e-06 0.000391657    
1.87495 -5.05044e-06 0.000380754    
1.88495 -6.39058e-06 0.000357698    
1.89495 -9.07283e-06 0.000347971    
1.90495 -1.00096e-05 0.000347559    
1.91495 -9.89864e-06 0.000340715    
1.91924 -1.00436e-05 0.000333867    
1.92566 -1.11392e-05 0.00031864    
1.92744 -1.16168e-05 0.000313326    
1.93009 -1.25891e-05 0.000304105    
1.93408 -1.47368e-05 0.000286677    
1.94005 -2.0174e-05 0.000253565    
1.94902 -3.23534e-05 0.000202349    
1.95902 -4.6191e-05 0.000159305    
1.96331 -5.07328e-05 0.000146578    
1.96606 -5.29327e-05 0.000139405    
1.96783 -5.40299e-05 0.000134771    
1.96897 -5.46086e-05 0.000131658    
1.97068 -5.53234e-05 0.000126752    
1.97324 -5.60453e-05 0.000118556    
1.97708 -5.63979e-05 0.000104415    
1.98285 -5.5964e-05 8.1504e-05    
1.98655 -5.54805e-05 6.75557e-05    
1.99211 -5.49979e-05 5.24055e-05    
2.00045 -5.51512e-05 4.35979e-05    
2.01045 -5.5075e-05 4.94307e-05    
2.02045 -5.41042e-05 6.01298e-05    
2.02124 -5.39531e-05 6.08957e-05    
2.02242 -5.37437e-05 6.19611e-05    
2.02419 -5.34269e-05 6.32567e-05    
2.02684 -5.28425e-05 6.42198e-05    
2.03083 -5.1804e-05 6.31829e-05    
2.03681 -5.06615e-05 5.83352e-05    
2.04577 -5.08786e-05 5.47662e-05    
2.05577 -5.25392e-05 6.31222e-05    
2.06577 -5.27919e-05 7.78981e-05    
2.07577 -5.12437e-05 8.90025e-05    
2.08577 -5.00592e-05 9.96594e-05    
2.09577 -5.02277e-05 0.000118409    
2.10577 -5.00049e-05 0.000144291    
2.11577 -4.78817e-05 0.000168228    
2.12006 -4.63682e-05 0.000176305    
2.12281 -4.53658e-05 0.000180589    
2.12459 -4.46761e-05 0.000183146    
2.12724 -4.3565e-05 0.00018673    
2.13123 -4.16992e-05 0.000190936    
2.13721 -3.89508e-05 0.000194709    
2.14617 -3.63926e-05 0.000200982    
2.14801 -3.61221e-05 0.000202988    
2.15076 -3.58985e-05 0.000206885    
2.1549 -3.57436e-05 0.000214642    
2.1611 -3.53292e-05 0.000228451    
2.16508 -3.47554e-05 0.000237039    
2.16618 -3.45076e-05 0.000239156    
2.16782 -3.41461e-05 0.000241975    
2.1703 -3.36086e-05 0.000245236    
2.174 -3.2811e-05 0.000247702    
2.17956 -3.21258e-05 0.000246085    
2.18313 -3.21844e-05 0.000242306    
2.18543 -3.24704e-05 0.000239172    
2.18691 -3.27137e-05 0.000237032    
2.18912 -3.32031e-05 0.000233598    
2.19244 -3.39941e-05 0.000227706    
2.19743 -3.52379e-05 0.000216758    
2.2049 -3.79032e-05 0.000197924    
2.20919 -3.97334e-05 0.000188018    
2.21194 -4.09525e-05 0.000182929    
2.21608 -4.26513e-05 0.00017815    
2.22228 -4.44173e-05 0.000177649    
2.22398 -4.46596e-05 0.000178825    
2.22508 -4.47481e-05 0.000179828    
2.22673 -4.48343e-05 0.000181632    
2.2292 -4.46307e-05 0.000184666    
2.23105 -4.41625e-05 0.000186655    
2.23383 -4.27504e-05 0.000187525    
2.238 -3.97549e-05 0.000181362    
2.23915 -3.88478e-05 0.000177921    
2.23989 -3.82832e-05 0.000175325    
2.24099 -3.75678e-05 0.000170918    
2.24265 -3.68221e-05 0.000163448    
2.24515 -3.65452e-05 0.000151455    
2.24888 -3.79229e-05 0.000135968    
2.25449 -4.28001e-05 0.000127969    
2.25604 -4.44446e-05 0.000129996    
2.25835 -4.68776e-05 0.000136582    
2.25984 -4.82703e-05 0.00014285    
2.2608 -4.90327e-05 0.000147583    
2.26224 -4.99867e-05 0.00015543    
2.26439 -5.08144e-05 0.000168035    
2.26762 -5.02948e-05 0.000186556    
2.2697 -4.90453e-05 0.000196492    
2.27104 -4.79019e-05 0.000201635    
2.27304 -4.59971e-05 0.000207146    
2.27604 -4.32097e-05 0.00021007    
2.28055 -4.00798e-05 0.000204998    
2.28179 -3.94599e-05 0.000202088    
2.28366 -3.8743e-05 0.0001971    
2.28645 -3.78568e-05 0.000189039    
2.29064 -3.68204e-05 0.000177927    
2.29693 -3.65517e-05 0.00016959    
2.30097 -3.70443e-05 0.000171809    
2.30357 -3.7304e-05 0.000176824    
2.30428 -3.72968e-05 0.000178699    
2.30536 -3.72582e-05 0.00018184    
2.30697 -3.7066e-05 0.00018712    
2.30938 -3.63108e-05 0.000195746    
2.31094 -3.54688e-05 0.000201439    
2.31327 -3.38339e-05 0.000209157    
2.31676 -3.07187e-05 0.000217044    
2.322 -2.61447e-05 0.000219725    
2.32987 -2.48093e-05 0.000216759    
2.3317 -2.56531e-05 0.000216675    
2.33446 -2.72253e-05 0.000217795    
2.33859 -2.86826e-05 0.000219765    
2.34479 -2.86233e-05 0.000216809    
2.35409 -3.04039e-05 0.000202347    
2.35837 -3.33109e-05 0.000196365    
2.35955 -3.43203e-05 0.000195476    
2.36133 -3.59659e-05 0.000195071    
2.36398 -3.83855e-05 0.000197035    
2.36797 -4.12358e-05 0.000205576    
2.37394 -4.25217e-05 0.000226064    
2.38291 -3.79242e-05 0.000255512    
2.39291 -2.92517e-05 0.000275998    
2.39475 -2.77084e-05 0.000278538    
2.39593 -2.67491e-05 0.00028021    
2.39669 -2.61309e-05 0.000281346    
2.39783 -2.52495e-05 0.000283161    
2.39953 -2.39142e-05 0.000286163    
2.4021 -2.16205e-05 0.000291255    
2.40374 -1.99383e-05 0.000294877    
2.40621 -1.73355e-05 0.000300592    
2.40992 -1.3281e-05 0.000308412    
2.41548 -7.04902e-06 0.000314977    
2.41905 -3.26248e-06 0.000316086    
2.42135 -1.47775e-06 0.000316054    
2.42282 -6.97573e-07 0.000316204    
2.42504 -1.58666e-07 0.000317529    
2.42836 -5.27192e-07 0.000323761    
2.4305 -1.26485e-06 0.000331184    
2.4337 -2.49382e-06 0.000348094    
2.43458 -2.74399e-06 0.000353963    
2.43591 -3.00412e-06 0.000363626    
2.43789 -2.90373e-06 0.000379558    
2.43917 -2.39928e-06 0.000390423    
2.44109 -1.06768e-06 0.000406871    
2.44396 2.2415e-06 0.000430492    
2.44581 5.20307e-06 0.000444395    
2.44699 7.38782e-06 0.000452567    
2.44877 1.09066e-05 0.000463654    
2.45144 1.6675e-05 0.000477951    
2.45316 2.05472e-05 0.000485888    
2.45427 2.30613e-05 0.000490591    
2.45592 2.67655e-05 0.000497187    
2.4584 3.21001e-05 0.000506126    
2.46 3.54389e-05 0.000511521    
2.46103 3.75655e-05 0.000514988    
2.46257 4.06332e-05 0.000520287    
2.46488 4.52785e-05 0.000528549    
2.46834 5.19034e-05 0.00053981    
2.47354 6.0732e-05 0.000554233    
2.48133 6.7481e-05 0.000578204    
2.49133 6.84223e-05 0.000633523    
2.49317 6.82507e-05 0.000647555    
2.49435 6.82886e-05 0.000657158    
2.49612 6.87238e-05 0.000671909    
2.49878 7.08831e-05 0.000692777    
2.50276 7.78545e-05 0.000715708    
2.50874 9.09699e-05 0.000725678    
2.51771 0.000102207 0.000719318    
2.52199 0.000101664 0.000720821    
2.52317 0.000100941 0.00072307    
2.52494 9.96448e-05 0.000727865    
2.5276 9.79055e-05 0.000736274    
2.53159 9.78068e-05 0.000746469    
2.53756 0.000101875 0.000745772    
2.54141 0.000105006 0.000734086    
2.54388 0.000106331 0.000723768    
2.54546 0.000106678 0.000716893    
2.54785 0.000106177 0.000707722    
2.55142 0.000102969 0.000699639    
2.55678 9.41432e-05 0.000704613    
2.56023 8.78457e-05 0.000718274    
2.56244 8.4513e-05 0.000730287    
2.56305 8.37791e-05 0.000733905    
2.56397 8.28215e-05 0.000739471    
2.56534 8.17029e-05 0.000747797    
2.5674 8.11704e-05 0.000759758    
2.56872 8.16889e-05 0.000766743    
2.57071 8.36539e-05 0.000775296    
2.57369 8.87909e-05 0.000781638    
2.57816 9.84957e-05 0.000773684    
2.57939 0.000101313 0.000767898    
2.58123 0.000105351 0.000757155    
2.58242 0.000107499 0.000749082    
2.5842 0.000109949 0.000736524    
2.58535 0.000110984 0.000728548    
2.58706 0.000111645 0.000717297    
2.58964 0.000110959 0.000702472    
2.5935 0.000107981 0.000685548    
2.5993 0.000103795 0.000673925    
2.60799 0.000100315 0.000684628    
2.60983 9.97957e-05 0.000690568    
2.61101 9.93903e-05 0.000694798    
2.61278 9.85884e-05 0.000701482    
2.61544 9.70259e-05 0.000711602    
2.61715 9.57572e-05 0.000717705    
2.61824 9.4886e-05 0.000721359    
2.61989 9.35905e-05 0.000726184    
2.62095 9.27908e-05 0.00072861    
2.62254 9.16942e-05 0.000730788    
2.62492 9.0425e-05 0.000729988    
2.62645 8.98773e-05 0.000726661    
2.62875 8.91582e-05 0.000717712    
2.63219 8.75988e-05 0.000698117    
2.63736 8.28699e-05 0.00066801    
2.64511 7.35576e-05 0.000657322    
2.65511 7.29327e-05 0.000724347    
2.65695 7.552e-05 0.000746121    
2.65971 8.11473e-05 0.000781985    
2.66148 8.58786e-05 0.000806231    
2.66413 9.47935e-05 0.000841239    
2.66812 0.000112252 0.000882555    
2.67068 0.000126036 0.00090001    
2.67233 0.000135343 0.000907081    
2.6748 0.000149001 0.000913618    
2.6785 0.000166561 0.000921228    
2.68406 0.000186935 0.000957164    
2.68559 0.000191282 0.000975192    
2.68658 0.000193845 0.000989115    
2.68805 0.00019745 0.00101328    
2.69027 0.000202675 0.00105563    
2.69169 0.00020606 0.00108611    
2.69261 0.00020834 0.00110671    
2.69398 0.00021193 0.00113863    
2.69604 0.000218004 0.00118751    
2.69913 0.000228987 0.00125893    
2.69998 0.000232524 0.00127777    
2.70126 0.000238198 0.00130494    
2.70317 0.000247499 0.00134285    
2.70605 0.00026284 0.00139269    
2.70789 0.000273568 0.00142056    
2.70908 0.000280688 0.00143687    
2.71086 0.000291472 0.0014593    
2.71201 0.000298453 0.00147252    
2.71372 0.000308867 0.00149101    
2.7163 0.000323865 0.00151607    
2.72016 0.000345131 0.00155059    
2.72596 0.000373641 0.00160884    
2.72968 0.000389224 0.00165716    
2.73208 0.000398037 0.00169502    
2.73362 0.000403209 0.00172236    
2.73461 0.000406371 0.00174112    
2.73609 0.000410901 0.00177071    
2.73705 0.000413738 0.00179046    
2.73848 0.000417957 0.0018207    
2.74063 0.000424372 0.00186621    
2.74201 0.000428648 0.00189497    
2.74408 0.000435436 0.00193627    
2.74541 0.000440096 0.0019613    
2.74741 0.000447421 0.0019961    
2.74869 0.000452345 0.00201658    
2.75061 0.000459944 0.00204442    
2.7535 0.00047176 0.00207934    
2.75784 0.000489456 0.002118    
2.76433 0.000508916 0.00215286    
2.76612 0.00051329 0.00216308    
2.76728 0.000515804 0.00217037    
2.769 0.000519051 0.00218282    
2.77159 0.000522992 0.00220562    
2.7723 0.000523936 0.00221277    
2.77338 0.000525234 0.00222422    
2.77498 0.000527024 0.00224266    
2.77739 0.00052895 0.00226955    
2.781 0.000532494 0.00230936    
2.78332 0.000536195 0.00233338    
2.78482 0.000539188 0.00234722    
2.78705 0.000544506 0.00236493    
2.79041 0.00055377 0.00238419    
2.79257 0.000559538 0.00239143    
2.79396 0.000563221 0.00239553    
2.79604 0.000568287 0.00240044    
2.79662 0.000569613 0.00240179    
2.79748 0.000571491 0.00240379    
2.79877 0.000574019 0.00240696    
2.7996 0.000575516 0.0024091    
2.80084 0.00057762 0.00241241    
2.80271 0.00058037 0.00241771    
2.80551 0.000583765 0.00242696    
2.80731 0.000585509 0.00243386    
2.81001 0.000587767 0.00244595    
2.81203 0.000589036 0.0024566    
2.81507 0.000591235 0.00247398    
2.81963 0.000595349 0.00249708    
2.82256 0.000598617 0.00250875    
2.82444 0.000601276 0.00251524    
2.82565 0.000603066 0.00251929    
2.82643 0.000604269 0.00252187    
2.8276 0.000606061 0.00252567    
2.82935 0.000608688 0.00253125    
2.83047 0.000610387 0.00253469    
2.83216 0.000612891 0.00253965    
2.83325 0.000614423 0.00254281    
2.83488 0.000616715 0.00254724    
2.83732 0.00061989 0.00255356    
2.83889 0.000621977 0.002557    
2.8399 0.000623336 0.00255911    
2.84141 0.000625418 0.00256146    
2.84368 0.000628521 0.00256417    
2.84709 0.000632901 0.00256632    
2.84928 0.00063524 0.00256695    
2.85069 0.000636445 0.00256735    
2.8528 0.000637547 0.00256849    
2.85416 0.00063772 0.00256985    
2.85503 0.000637634 0.00257089    
2.85634 0.000637124 0.00257291    
2.8583 0.00063567 0.00257688    
2.86125 0.000632389 0.00258518    
2.86566 0.000626035 0.00260147    
2.8685 0.000621737 0.00261096    
2.87033 0.000619565 0.00261747    
2.8715 0.000618371 0.00262116    
2.87326 0.000617024 0.00262617    
2.8759 0.000616331 0.00263143    
2.87987 0.000618229 0.0026338    
2.88241 0.000620823 0.0026323    
2.88405 0.00062274 0.0026303    
2.8851 0.00062395 0.00262868    
2.88668 0.000625524 0.00262557    
2.8877 0.000626411 0.0026232    
2.88922 0.000627584 0.00261922    
2.8915 0.000629013 0.00261266    
2.89493 0.000629963 0.00260279    
2.89713 0.000629775 0.00259735    
