99.06.08 11:29 B J:\isis\depts\or\workspace\vkulkarn\maximgui\Modules\ctmm\ct_cost.m --> isis.unc.edu /afs/isis.unc.edu/home/v/k/vkulkarn/public_html/maximgui/Modules/ctmm ct_cost.m
99.06.08 11:29 B J:\isis\depts\or\workspace\vkulkarn\maximgui\Modules\ctmm\ct_rate_matrix.m --> isis.unc.edu /afs/isis.unc.edu/home/v/k/vkulkarn/public_html/maximgui/Modules/ctmm ct_rate_matrix.m
99.06.08 11:29 B J:\isis\depts\or\workspace\vkulkarn\maximgui\Modules\ctmm\ctmcfpt.m --> isis.unc.edu /afs/isis.unc.edu/home/v/k/vkulkarn/public_html/maximgui/Modules/ctmm ctmcfpt.m
99.06.08 11:29 B J:\isis\depts\or\workspace\vkulkarn\maximgui\Modules\ctmm\ctmclrc.m --> isis.unc.edu /afs/isis.unc.edu/home/v/k/vkulkarn/public_html/maximgui/Modules/ctmm ctmclrc.m
99.06.08 11:29 B J:\isis\depts\or\workspace\vkulkarn\maximgui\Modules\ctmm\ctmcod.m --> isis.unc.edu /afs/isis.unc.edu/home/v/k/vkulkarn/public_html/maximgui/Modules/ctmm ctmcod.m
99.06.08 11:29 B J:\isis\depts\or\workspace\vkulkarn\maximgui\Modules\ctmm\ctmcom.m --> isis.unc.edu /afs/isis.unc.edu/home/v/k/vkulkarn/public_html/maximgui/Modules/ctmm ctmcom.m
99.06.08 11:29 B J:\isis\depts\or\workspace\vkulkarn\maximgui\Modules\ctmm\ctmctc.m --> isis.unc.edu /afs/isis.unc.edu/home/v/k/vkulkarn/public_html/maximgui/Modules/ctmm ctmctc.m
99.06.08 11:29 B J:\isis\depts\or\workspace\vkulkarn\maximgui\Modules\ctmm\ctmctd.m --> isis.unc.edu /afs/isis.unc.edu/home/v/k/vkulkarn/public_html/maximgui/Modules/ctmm ctmctd.m
99.06.08 11:29 B J:\isis\depts\or\workspace\vkulkarn\maximgui\Modules\ctmm\ctmctm.m --> isis.unc.edu /afs/isis.unc.edu/home/v/k/vkulkarn/public_html/maximgui/Modules/ctmm ctmctm.m
99.06.08 11:29 B J:\isis\depts\or\workspace\vkulkarn\maximgui\Modules\ctmm\ex6ar.m --> isis.unc.edu /afs/isis.unc.edu/home/v/k/vkulkarn/public_html/maximgui/Modules/ctmm ex6ar.m
99.06.08 11:29 B J:\isis\depts\or\workspace\vkulkarn\maximgui\Modules\ctmm\ex6cc.m --> isis.unc.edu /afs/isis.unc.edu/home/v/k/vkulkarn/public_html/maximgui/Modules/ctmm ex6cc.m
99.06.08 11:29 B J:\isis\depts\or\workspace\vkulkarn\maximgui\Modules\ctmm\ex6cccost.m --> isis.unc.edu /afs/isis.unc.edu/home/v/k/vkulkarn/public_html/maximgui/Modules/ctmm ex6cccost.m
99.06.08 11:29 B J:\isis\depts\or\workspace\vkulkarn\maximgui\Modules\ctmm\ex6fbd.m --> isis.unc.edu /afs/isis.unc.edu/home/v/k/vkulkarn/public_html/maximgui/Modules/ctmm ex6fbd.m
99.06.08 11:29 B J:\isis\depts\or\workspace\vkulkarn\maximgui\Modules\ctmm\ex6gms.m --> isis.unc.edu /afs/isis.unc.edu/home/v/k/vkulkarn/public_html/maximgui/Modules/ctmm ex6gms.m
99.06.08 11:29 B J:\isis\depts\or\workspace\vkulkarn\maximgui\Modules\ctmm\ex6gmscost.m --> isis.unc.edu /afs/isis.unc.edu/home/v/k/vkulkarn/public_html/maximgui/Modules/ctmm ex6gmscost.m
99.06.08 11:30 B J:\isis\depts\or\workspace\vkulkarn\maximgui\Modules\ctmm\ex6inv.m --> isis.unc.edu /afs/isis.unc.edu/home/v/k/vkulkarn/public_html/maximgui/Modules/ctmm ex6inv.m
99.06.08 11:30 B J:\isis\depts\or\workspace\vkulkarn\maximgui\Modules\ctmm\ex6invcost.m --> isis.unc.edu /afs/isis.unc.edu/home/v/k/vkulkarn/public_html/maximgui/Modules/ctmm ex6invcost.m
99.06.08 11:30 B J:\isis\depts\or\workspace\vkulkarn\maximgui\Modules\ctmm\ex6lb.m --> isis.unc.edu /afs/isis.unc.edu/home/v/k/vkulkarn/public_html/maximgui/Modules/ctmm ex6lb.m
99.06.08 11:30 B J:\isis\depts\or\workspace\vkulkarn\maximgui\Modules\ctmm\ex6mfg.m --> isis.unc.edu /afs/isis.unc.edu/home/v/k/vkulkarn/public_html/maximgui/Modules/ctmm ex6mfg.m
99.06.08 11:30 B J:\isis\depts\or\workspace\vkulkarn\maximgui\Modules\ctmm\ex6mfgcost.m --> isis.unc.edu /afs/isis.unc.edu/home/v/k/vkulkarn/public_html/maximgui/Modules/ctmm ex6mfgcost.m
99.06.08 11:30 B J:\isis\depts\or\workspace\vkulkarn\maximgui\Modules\ctmm\ex6ssq.m --> isis.unc.edu /afs/isis.unc.edu/home/v/k/vkulkarn/public_html/maximgui/Modules/ctmm ex6ssq.m
99.06.08 11:30 B J:\isis\depts\or\workspace\vkulkarn\maximgui\Modules\ctmm\ex6ssqcost.m --> isis.unc.edu /afs/isis.unc.edu/home/v/k/vkulkarn/public_html/maximgui/Modules/ctmm ex6ssqcost.m
99.06.08 11:30 B J:\isis\depts\or\workspace\vkulkarn\maximgui\Modules\ctmm\ex6tel.m --> isis.unc.edu /afs/isis.unc.edu/home/v/k/vkulkarn/public_html/maximgui/Modules/ctmm ex6tel.m
99.06.08 11:30 B J:\isis\depts\or\workspace\vkulkarn\maximgui\Modules\ctmm\ex6telcost.m --> isis.unc.edu /afs/isis.unc.edu/home/v/k/vkulkarn/public_html/maximgui/Modules/ctmm ex6telcost.m
99.06.10 11:27 B D:\maximgui\Modules\ctmm\ct_cost.m --> ftp.mathworks.com /incoming/bizdev/maximgui/maximgui/Modules/ctmm ct_cost.m
99.06.10 11:27 B D:\maximgui\Modules\ctmm\ct_rate_matrix.m --> ftp.mathworks.com /incoming/bizdev/maximgui/maximgui/Modules/ctmm ct_rate_matrix.m
99.06.10 11:27 B D:\maximgui\Modules\ctmm\ctmcfpt.m --> ftp.mathworks.com /incoming/bizdev/maximgui/maximgui/Modules/ctmm ctmcfpt.m
99.06.10 11:27 B D:\maximgui\Modules\ctmm\ctmclrc.m --> ftp.mathworks.com /incoming/bizdev/maximgui/maximgui/Modules/ctmm ctmclrc.m
99.06.10 11:27 B D:\maximgui\Modules\ctmm\ctmcod.m --> ftp.mathworks.com /incoming/bizdev/maximgui/maximgui/Modules/ctmm ctmcod.m
99.06.10 11:27 B D:\maximgui\Modules\ctmm\ctmcom.m --> ftp.mathworks.com /incoming/bizdev/maximgui/maximgui/Modules/ctmm ctmcom.m
99.06.10 11:27 B D:\maximgui\Modules\ctmm\ctmctc.m --> ftp.mathworks.com /incoming/bizdev/maximgui/maximgui/Modules/ctmm ctmctc.m
99.06.10 11:27 B D:\maximgui\Modules\ctmm\ctmctd.m --> ftp.mathworks.com /incoming/bizdev/maximgui/maximgui/Modules/ctmm ctmctd.m
99.06.10 11:27 B D:\maximgui\Modules\ctmm\ctmctm.m --> ftp.mathworks.com /incoming/bizdev/maximgui/maximgui/Modules/ctmm ctmctm.m
99.06.10 11:27 B D:\maximgui\Modules\ctmm\ex6ar.m --> ftp.mathworks.com /incoming/bizdev/maximgui/maximgui/Modules/ctmm ex6ar.m
99.06.10 11:27 B D:\maximgui\Modules\ctmm\ex6cc.m --> ftp.mathworks.com /incoming/bizdev/maximgui/maximgui/Modules/ctmm ex6cc.m
99.06.10 11:27 B D:\maximgui\Modules\ctmm\ex6cccost.m --> ftp.mathworks.com /incoming/bizdev/maximgui/maximgui/Modules/ctmm ex6cccost.m
99.06.10 11:27 B D:\maximgui\Modules\ctmm\ex6fbd.m --> ftp.mathworks.com /incoming/bizdev/maximgui/maximgui/Modules/ctmm ex6fbd.m
99.06.10 11:27 B D:\maximgui\Modules\ctmm\ex6gms.m --> ftp.mathworks.com /incoming/bizdev/maximgui/maximgui/Modules/ctmm ex6gms.m
99.06.10 11:27 B D:\maximgui\Modules\ctmm\ex6gmscost.m --> ftp.mathworks.com /incoming/bizdev/maximgui/maximgui/Modules/ctmm ex6gmscost.m
99.06.10 11:27 B D:\maximgui\Modules\ctmm\ex6inv.m --> ftp.mathworks.com /incoming/bizdev/maximgui/maximgui/Modules/ctmm ex6inv.m
99.06.10 11:27 B D:\maximgui\Modules\ctmm\ex6invcost.m --> ftp.mathworks.com /incoming/bizdev/maximgui/maximgui/Modules/ctmm ex6invcost.m
99.06.10 11:27 B D:\maximgui\Modules\ctmm\ex6lb.m --> ftp.mathworks.com /incoming/bizdev/maximgui/maximgui/Modules/ctmm ex6lb.m
99.06.10 11:27 B D:\maximgui\Modules\ctmm\ex6mfg.m --> ftp.mathworks.com /incoming/bizdev/maximgui/maximgui/Modules/ctmm ex6mfg.m
99.06.10 11:27 B D:\maximgui\Modules\ctmm\ex6mfgcost.m --> ftp.mathworks.com /incoming/bizdev/maximgui/maximgui/Modules/ctmm ex6mfgcost.m
99.06.10 11:27 B D:\maximgui\Modules\ctmm\ex6ssq.m --> ftp.mathworks.com /incoming/bizdev/maximgui/maximgui/Modules/ctmm ex6ssq.m
99.06.10 11:27 B D:\maximgui\Modules\ctmm\ex6ssqcost.m --> ftp.mathworks.com /incoming/bizdev/maximgui/maximgui/Modules/ctmm ex6ssqcost.m
99.06.10 11:27 B D:\maximgui\Modules\ctmm\ex6tel.m --> ftp.mathworks.com /incoming/bizdev/maximgui/maximgui/Modules/ctmm ex6tel.m
99.06.10 11:27 B D:\maximgui\Modules\ctmm\ex6telcost.m --> ftp.mathworks.com /incoming/bizdev/maximgui/maximgui/Modules/ctmm ex6telcost.m
