99.06.08 11:30 B J:\isis\depts\or\workspace\vkulkarn\maximgui\Modules\dtmm\dt_cost.m --> isis.unc.edu /afs/isis.unc.edu/home/v/k/vkulkarn/public_html/maximgui/Modules/dtmm dt_cost.m
99.06.08 11:30 B J:\isis\depts\or\workspace\vkulkarn\maximgui\Modules\dtmm\dt_ct_output.m --> isis.unc.edu /afs/isis.unc.edu/home/v/k/vkulkarn/public_html/maximgui/Modules/dtmm dt_ct_output.m
99.06.08 11:30 B J:\isis\depts\or\workspace\vkulkarn\maximgui\Modules\dtmm\dt_ct_print_template.m --> isis.unc.edu /afs/isis.unc.edu/home/v/k/vkulkarn/public_html/maximgui/Modules/dtmm dt_ct_print_template.m
99.06.08 11:30 B J:\isis\depts\or\workspace\vkulkarn\maximgui\Modules\dtmm\dt_trans_matrix.m --> isis.unc.edu /afs/isis.unc.edu/home/v/k/vkulkarn/public_html/maximgui/Modules/dtmm dt_trans_matrix.m
99.06.08 11:30 B J:\isis\depts\or\workspace\vkulkarn\maximgui\Modules\dtmm\dtmcfpt.m --> isis.unc.edu /afs/isis.unc.edu/home/v/k/vkulkarn/public_html/maximgui/Modules/dtmm dtmcfpt.m
99.06.08 11:30 B J:\isis\depts\or\workspace\vkulkarn\maximgui\Modules\dtmm\dtmclrc.m --> isis.unc.edu /afs/isis.unc.edu/home/v/k/vkulkarn/public_html/maximgui/Modules/dtmm dtmclrc.m
99.06.08 11:30 B J:\isis\depts\or\workspace\vkulkarn\maximgui\Modules\dtmm\dtmcod.m --> isis.unc.edu /afs/isis.unc.edu/home/v/k/vkulkarn/public_html/maximgui/Modules/dtmm dtmcod.m
99.06.08 11:30 B J:\isis\depts\or\workspace\vkulkarn\maximgui\Modules\dtmm\dtmcot.m --> isis.unc.edu /afs/isis.unc.edu/home/v/k/vkulkarn/public_html/maximgui/Modules/dtmm dtmcot.m
99.06.08 11:30 B J:\isis\depts\or\workspace\vkulkarn\maximgui\Modules\dtmm\dtmctc.m --> isis.unc.edu /afs/isis.unc.edu/home/v/k/vkulkarn/public_html/maximgui/Modules/dtmm dtmctc.m
99.06.08 11:30 B J:\isis\depts\or\workspace\vkulkarn\maximgui\Modules\dtmm\dtmctd.m --> isis.unc.edu /afs/isis.unc.edu/home/v/k/vkulkarn/public_html/maximgui/Modules/dtmm dtmctd.m
99.06.08 11:30 B J:\isis\depts\or\workspace\vkulkarn\maximgui\Modules\dtmm\ex5inv.m --> isis.unc.edu /afs/isis.unc.edu/home/v/k/vkulkarn/public_html/maximgui/Modules/dtmm ex5inv.m
99.06.08 11:30 B J:\isis\depts\or\workspace\vkulkarn\maximgui\Modules\dtmm\ex5invcost.m --> isis.unc.edu /afs/isis.unc.edu/home/v/k/vkulkarn/public_html/maximgui/Modules/dtmm ex5invcost.m
99.06.08 11:30 B J:\isis\depts\or\workspace\vkulkarn\maximgui\Modules\dtmm\ex5manp.m --> isis.unc.edu /afs/isis.unc.edu/home/v/k/vkulkarn/public_html/maximgui/Modules/dtmm ex5manp.m
99.06.08 11:30 B J:\isis\depts\or\workspace\vkulkarn\maximgui\Modules\dtmm\ex5manpcost.m --> isis.unc.edu /afs/isis.unc.edu/home/v/k/vkulkarn/public_html/maximgui/Modules/dtmm ex5manpcost.m
99.06.08 11:30 B J:\isis\depts\or\workspace\vkulkarn\maximgui\Modules\dtmm\ex5mfg.m --> isis.unc.edu /afs/isis.unc.edu/home/v/k/vkulkarn/public_html/maximgui/Modules/dtmm ex5mfg.m
99.06.08 11:30 B J:\isis\depts\or\workspace\vkulkarn\maximgui\Modules\dtmm\ex5mfgcost.m --> isis.unc.edu /afs/isis.unc.edu/home/v/k/vkulkarn/public_html/maximgui/Modules/dtmm ex5mfgcost.m
99.06.08 11:30 B J:\isis\depts\or\workspace\vkulkarn\maximgui\Modules\dtmm\ex5mr.m --> isis.unc.edu /afs/isis.unc.edu/home/v/k/vkulkarn/public_html/maximgui/Modules/dtmm ex5mr.m
99.06.08 11:30 B J:\isis\depts\or\workspace\vkulkarn\maximgui\Modules\dtmm\ex5mrcost.m --> isis.unc.edu /afs/isis.unc.edu/home/v/k/vkulkarn/public_html/maximgui/Modules/dtmm ex5mrcost.m
99.06.08 11:30 B J:\isis\depts\or\workspace\vkulkarn\maximgui\Modules\dtmm\ex5stock.m --> isis.unc.edu /afs/isis.unc.edu/home/v/k/vkulkarn/public_html/maximgui/Modules/dtmm ex5stock.m
99.06.08 11:30 B J:\isis\depts\or\workspace\vkulkarn\maximgui\Modules\dtmm\ex5tel.m --> isis.unc.edu /afs/isis.unc.edu/home/v/k/vkulkarn/public_html/maximgui/Modules/dtmm ex5tel.m
99.06.08 11:30 B J:\isis\depts\or\workspace\vkulkarn\maximgui\Modules\dtmm\ex5telcost.m --> isis.unc.edu /afs/isis.unc.edu/home/v/k/vkulkarn/public_html/maximgui/Modules/dtmm ex5telcost.m
99.06.08 11:30 B J:\isis\depts\or\workspace\vkulkarn\maximgui\Modules\dtmm\ex5wea.m --> isis.unc.edu /afs/isis.unc.edu/home/v/k/vkulkarn/public_html/maximgui/Modules/dtmm ex5wea.m
99.06.08 11:30 B J:\isis\depts\or\workspace\vkulkarn\maximgui\Modules\dtmm\scroll_hocc.m --> isis.unc.edu /afs/isis.unc.edu/home/v/k/vkulkarn/public_html/maximgui/Modules/dtmm scroll_hocc.m
99.06.08 11:30 B J:\isis\depts\or\workspace\vkulkarn\maximgui\Modules\dtmm\scroll_htrans.m --> isis.unc.edu /afs/isis.unc.edu/home/v/k/vkulkarn/public_html/maximgui/Modules/dtmm scroll_htrans.m
99.06.08 11:30 B J:\isis\depts\or\workspace\vkulkarn\maximgui\Modules\dtmm\scroll_vocc.m --> isis.unc.edu /afs/isis.unc.edu/home/v/k/vkulkarn/public_html/maximgui/Modules/dtmm scroll_vocc.m
99.06.08 11:30 B J:\isis\depts\or\workspace\vkulkarn\maximgui\Modules\dtmm\scroll_vtrans.m --> isis.unc.edu /afs/isis.unc.edu/home/v/k/vkulkarn/public_html/maximgui/Modules/dtmm scroll_vtrans.m
99.06.10 11:27 B D:\maximgui\Modules\dtmm\dt_cost.m --> ftp.mathworks.com /incoming/bizdev/maximgui/maximgui/Modules/dtmm dt_cost.m
99.06.10 11:27 B D:\maximgui\Modules\dtmm\dt_ct_output.m --> ftp.mathworks.com /incoming/bizdev/maximgui/maximgui/Modules/dtmm dt_ct_output.m
99.06.10 11:27 B D:\maximgui\Modules\dtmm\dt_ct_print_template.m --> ftp.mathworks.com /incoming/bizdev/maximgui/maximgui/Modules/dtmm dt_ct_print_template.m
99.06.10 11:27 B D:\maximgui\Modules\dtmm\dt_trans_matrix.m --> ftp.mathworks.com /incoming/bizdev/maximgui/maximgui/Modules/dtmm dt_trans_matrix.m
99.06.10 11:27 B D:\maximgui\Modules\dtmm\dtmcfpt.m --> ftp.mathworks.com /incoming/bizdev/maximgui/maximgui/Modules/dtmm dtmcfpt.m
99.06.10 11:27 B D:\maximgui\Modules\dtmm\dtmclrc.m --> ftp.mathworks.com /incoming/bizdev/maximgui/maximgui/Modules/dtmm dtmclrc.m
99.06.10 11:27 B D:\maximgui\Modules\dtmm\dtmcod.m --> ftp.mathworks.com /incoming/bizdev/maximgui/maximgui/Modules/dtmm dtmcod.m
99.06.10 11:27 B D:\maximgui\Modules\dtmm\dtmcot.m --> ftp.mathworks.com /incoming/bizdev/maximgui/maximgui/Modules/dtmm dtmcot.m
99.06.10 11:27 B D:\maximgui\Modules\dtmm\dtmctc.m --> ftp.mathworks.com /incoming/bizdev/maximgui/maximgui/Modules/dtmm dtmctc.m
99.06.10 11:27 B D:\maximgui\Modules\dtmm\dtmctd.m --> ftp.mathworks.com /incoming/bizdev/maximgui/maximgui/Modules/dtmm dtmctd.m
99.06.10 11:27 B D:\maximgui\Modules\dtmm\ex5inv.m --> ftp.mathworks.com /incoming/bizdev/maximgui/maximgui/Modules/dtmm ex5inv.m
99.06.10 11:27 B D:\maximgui\Modules\dtmm\ex5invcost.m --> ftp.mathworks.com /incoming/bizdev/maximgui/maximgui/Modules/dtmm ex5invcost.m
99.06.10 11:27 B D:\maximgui\Modules\dtmm\ex5manp.m --> ftp.mathworks.com /incoming/bizdev/maximgui/maximgui/Modules/dtmm ex5manp.m
99.06.10 11:27 B D:\maximgui\Modules\dtmm\ex5manpcost.m --> ftp.mathworks.com /incoming/bizdev/maximgui/maximgui/Modules/dtmm ex5manpcost.m
99.06.10 11:27 B D:\maximgui\Modules\dtmm\ex5mfg.m --> ftp.mathworks.com /incoming/bizdev/maximgui/maximgui/Modules/dtmm ex5mfg.m
99.06.10 11:27 B D:\maximgui\Modules\dtmm\ex5mfgcost.m --> ftp.mathworks.com /incoming/bizdev/maximgui/maximgui/Modules/dtmm ex5mfgcost.m
99.06.10 11:27 B D:\maximgui\Modules\dtmm\ex5mr.m --> ftp.mathworks.com /incoming/bizdev/maximgui/maximgui/Modules/dtmm ex5mr.m
99.06.10 11:27 B D:\maximgui\Modules\dtmm\ex5mrcost.m --> ftp.mathworks.com /incoming/bizdev/maximgui/maximgui/Modules/dtmm ex5mrcost.m
99.06.10 11:27 B D:\maximgui\Modules\dtmm\ex5stock.m --> ftp.mathworks.com /incoming/bizdev/maximgui/maximgui/Modules/dtmm ex5stock.m
99.06.10 11:27 B D:\maximgui\Modules\dtmm\ex5tel.m --> ftp.mathworks.com /incoming/bizdev/maximgui/maximgui/Modules/dtmm ex5tel.m
99.06.10 11:27 B D:\maximgui\Modules\dtmm\ex5telcost.m --> ftp.mathworks.com /incoming/bizdev/maximgui/maximgui/Modules/dtmm ex5telcost.m
99.06.10 11:27 B D:\maximgui\Modules\dtmm\ex5wea.m --> ftp.mathworks.com /incoming/bizdev/maximgui/maximgui/Modules/dtmm ex5wea.m
99.06.10 11:27 B D:\maximgui\Modules\dtmm\scroll_hocc.m --> ftp.mathworks.com /incoming/bizdev/maximgui/maximgui/Modules/dtmm scroll_hocc.m
99.06.10 11:27 B D:\maximgui\Modules\dtmm\scroll_htrans.m --> ftp.mathworks.com /incoming/bizdev/maximgui/maximgui/Modules/dtmm scroll_htrans.m
99.06.10 11:27 B D:\maximgui\Modules\dtmm\scroll_vocc.m --> ftp.mathworks.com /incoming/bizdev/maximgui/maximgui/Modules/dtmm scroll_vocc.m
99.06.10 11:27 B D:\maximgui\Modules\dtmm\scroll_vtrans.m --> ftp.mathworks.com /incoming/bizdev/maximgui/maximgui/Modules/dtmm scroll_vtrans.m
