
Unexpected Signal : EXCEPTION_ILLEGAL_INSTRUCTION occurred at PC=0x1533345
Function name=(N/A)
Library=(N/A)

NOTE: We are unable to locate the function name symbol for the error
      just occurred. Please refer to release documentation for possible
      reason and solutions.



Current Java thread:

Dynamic libraries:
0x00400000 - 0x005FB000 	C:\MATLAB6p5\bin\win32\matlab.exe
0x77F40000 - 0x77FEF000 	C:\WINDOWS\System32\ntdll.dll
0x77E40000 - 0x77F32000 	C:\WINDOWS\system32\kernel32.dll
0x77D10000 - 0x77D9D000 	C:\WINDOWS\system32\USER32.dll
0x77C40000 - 0x77C80000 	C:\WINDOWS\system32\GDI32.dll
0x77DA0000 - 0x77E3C000 	C:\WINDOWS\system32\ADVAPI32.dll
0x77C90000 - 0x77D05000 	C:\WINDOWS\system32\RPCRT4.dll
0x77180000 - 0x7729A000 	C:\WINDOWS\system32\ole32.dll
0x77BD0000 - 0x77BD7000 	C:\WINDOWS\system32\VERSION.dll
0x7A000000 - 0x7A00D000 	C:\MATLAB6p5\bin\win32\mwoles05.dll
0x770F0000 - 0x7717B000 	C:\WINDOWS\system32\OLEAUT32.dll
0x77BE0000 - 0x77C33000 	C:\WINDOWS\system32\MSVCRT.DLL
0x7A710000 - 0x7A7D0000 	C:\MATLAB6p5\bin\win32\libut.dll
0x76C50000 - 0x76C72000 	C:\WINDOWS\system32\IMAGEHLP.dll
0x7B110000 - 0x7B138000 	C:\MATLAB6p5\bin\win32\libmx.dll
0x7AF70000 - 0x7AF77000 	C:\MATLAB6p5\bin\win32\libmex.dll
0x7AF80000 - 0x7AF93000 	C:\MATLAB6p5\bin\win32\libmwservices.dll
0x7A630000 - 0x7A644000 	C:\MATLAB6p5\bin\win32\mpath.dll
0x7A7D0000 - 0x7A895000 	C:\MATLAB6p5\bin\win32\m_interpreter.dll
0x7AFA0000 - 0x7AFA9000 	C:\MATLAB6p5\bin\win32\libmat.dll
0x7AAA0000 - 0x7AB2B000 	C:\MATLAB6p5\bin\win32\mlib.dll
0x7AA90000 - 0x7AA9E000 	C:\MATLAB6p5\bin\win32\m_pcodeio.dll
0x7AA10000 - 0x7AA73000 	C:\MATLAB6p5\bin\win32\m_ir.dll
0x7A8A0000 - 0x7AA0F000 	C:\MATLAB6p5\bin\win32\m_parser.dll
0x7AA80000 - 0x7AA8F000 	C:\MATLAB6p5\bin\win32\m_pcodegen.dll
0x7AFE0000 - 0x7AFE6000 	C:\MATLAB6p5\bin\win32\m_dispatcher.dll
0x7A010000 - 0x7A0E8000 	C:\MATLAB6p5\bin\win32\hg.dll
0x7A5E0000 - 0x7A62F000 	C:\MATLAB6p5\bin\win32\numerics.dll
0x7AB50000 - 0x7AB5F000 	C:\MATLAB6p5\bin\win32\libmwlapack.dll
0x7AB60000 - 0x7ABBC000 	C:\MATLAB6p5\bin\win32\libmwfftw.dll
0x7AFB0000 - 0x7AFDB000 	C:\MATLAB6p5\bin\win32\libmwumfpack.dll
0x7A650000 - 0x7A6B2000 	C:\MATLAB6p5\bin\win32\udd.dll
0x7A4F0000 - 0x7A563000 	C:\MATLAB6p5\bin\win32\uiw.dll
0x72F80000 - 0x72FA3000 	C:\WINDOWS\System32\WINSPOOL.DRV
0x76360000 - 0x763A6000 	C:\WINDOWS\system32\comdlg32.dll
0x772A0000 - 0x77303000 	C:\WINDOWS\system32\SHLWAPI.dll
0x77310000 - 0x7739B000 	C:\WINDOWS\system32\COMCTL32.dll
0x773A0000 - 0x77B9E000 	C:\WINDOWS\system32\SHELL32.dll
0x7A570000 - 0x7A5D8000 	C:\MATLAB6p5\bin\win32\gui.dll
0x7A110000 - 0x7A4CD000 	C:\MATLAB6p5\bin\win32\simulink.dll
0x76340000 - 0x7635A000 	C:\WINDOWS\System32\IMM32.dll
0x7AFF0000 - 0x7B017000 	C:\MATLAB6p5\bin\win32\libmwbuiltins.dll
0x7B020000 - 0x7B075000 	C:\MATLAB6p5\bin\win32\cg_ir.dll
0x7B080000 - 0x7B0A2000 	C:\MATLAB6p5\bin\win32\libfixedpoint.dll
0x7B0B0000 - 0x7B0B8000 	C:\MATLAB6p5\bin\win32\glee.dll
0x7B0C0000 - 0x7B0E7000 	C:\MATLAB6p5\bin\win32\jmi.dll
0x7A0F0000 - 0x7A102000 	C:\MATLAB6p5\bin\win32\dastudio.dll
0x7A4D0000 - 0x7A4ED000 	C:\MATLAB6p5\bin\win32\hardcopy.dll
0x7AB30000 - 0x7AB4A000 	C:\MATLAB6p5\bin\win32\sl_solver.dll
0x79000000 - 0x790F2000 	C:\MATLAB6p5\bin\win32\MFC42.DLL
0x7B140000 - 0x7B155000 	C:\MATLAB6p5\bin\win32\mclcom.dll
0x7A6C0000 - 0x7A704000 	C:\MATLAB6p5\bin\win32\udd_mi.dll
0x7B0F0000 - 0x7B10B000 	C:\MATLAB6p5\bin\win32\comcli.dll
0x71BC0000 - 0x71C0F000 	C:\WINDOWS\System32\NETAPI32.dll
0x10000000 - 0x100FE000 	C:\MATLAB6p5\bin\win32\atlas_P4.dll
0x7ABC0000 - 0x7AE26000 	C:\MATLAB6p5\bin\win32\lapack.dll
0x01610000 - 0x0167E000 	C:\MATLAB6p5\bin\win32\DFORRT.dll
0x71950000 - 0x71A34000 	C:\WINDOWS\WinSxS\x86_Microsoft.Windows.Common-Controls_6595b64144ccf1df_6.0.0.0_x-ww_1382d70a\comctl32.dll
0x61DF0000 - 0x61DFE000 	C:\WINDOWS\System32\MFC42LOC.DLL
0x5B150000 - 0x5B184000 	C:\WINDOWS\system32\uxtheme.dll
0x746B0000 - 0x746FB000 	C:\WINDOWS\System32\MSCTF.dll
0x6D420000 - 0x6D4EE000 	C:\MATLAB6p5\sys\java\jre\win32\jre\bin\hotspot\jvm.dll
0x76B00000 - 0x76B2D000 	C:\WINDOWS\System32\WINMM.dll
0x6D220000 - 0x6D227000 	C:\MATLAB6p5\sys\java\jre\win32\jre\bin\hpi.dll
0x6D3B0000 - 0x6D3BD000 	C:\MATLAB6p5\sys\java\jre\win32\jre\bin\verify.dll
0x6D250000 - 0x6D266000 	C:\MATLAB6p5\sys\java\jre\win32\jre\bin\java.dll
0x6D3C0000 - 0x6D3CD000 	C:\MATLAB6p5\sys\java\jre\win32\jre\bin\zip.dll
0x6D020000 - 0x6D128000 	C:\MATLAB6p5\sys\java\jre\win32\jre\bin\awt.dll
0x6D1E0000 - 0x6D21B000 	C:\MATLAB6p5\sys\java\jre\win32\jre\bin\fontmanager.dll
0x51000000 - 0x5104D000 	C:\WINDOWS\System32\DDRAW.dll
0x73B40000 - 0x73B46000 	C:\WINDOWS\System32\DCIMAN32.dll
0x69500000 - 0x695E2000 	C:\WINDOWS\System32\nbicdnt.dll
0x7AF50000 - 0x7AF64000 	C:\MATLAB6p5\bin\win32\nativejava.dll
0x6DA20000 - 0x6DA9C000 	C:\WINDOWS\system32\DBGHELP.dll
0x76BB0000 - 0x76BBB000 	C:\WINDOWS\System32\PSAPI.DLL

Local Time = Mon Dec 27 09:36:20 2004
Elapsed Time = 3
#
# HotSpot Virtual Machine Error : EXCEPTION_ILLEGAL_INSTRUCTION
# Error ID : 4F530E43505002C4
# Please report this error at
# http://java.sun.com/cgi-bin/bugreport.cgi
#
# Java VM: Java HotSpot(TM) Client VM (1.3.1_01 mixed mode)
#
