
Unexpected Signal : EXCEPTION_ACCESS_VIOLATION occurred at PC=0x6d44714b
Function name=(N/A)
Library=C:\MATLAB6p5\sys\java\jre\win32\jre\bin\hotspot\jvm.dll

NOTE: We are unable to locate the function name symbol for the error
      just occurred. Please refer to release documentation for possible
      reason and solutions.



Current Java thread:

Dynamic libraries:
0x00400000 - 0x005FB000 	C:\MATLAB6p5\bin\win32\matlab.exe
0x7C910000 - 0x7C9C6000 	C:\WINDOWS\system32\ntdll.dll
0x7C800000 - 0x7C901000 	C:\WINDOWS\system32\kernel32.dll
0x77D10000 - 0x77DA0000 	C:\WINDOWS\system32\USER32.dll
0x77EF0000 - 0x77F36000 	C:\WINDOWS\system32\GDI32.dll
0x774B0000 - 0x775EC000 	C:\WINDOWS\system32\ole32.dll
0x77BE0000 - 0x77C38000 	C:\WINDOWS\system32\msvcrt.dll
0x77DA0000 - 0x77E4C000 	C:\WINDOWS\system32\ADVAPI32.dll
0x77E50000 - 0x77EE1000 	C:\WINDOWS\system32\RPCRT4.dll
0x77BD0000 - 0x77BD8000 	C:\WINDOWS\system32\VERSION.dll
0x7A000000 - 0x7A00D000 	C:\MATLAB6p5\bin\win32\mwoles05.dll
0x770F0000 - 0x7717C000 	C:\WINDOWS\system32\OLEAUT32.dll
0x7A710000 - 0x7A7D0000 	C:\MATLAB6p5\bin\win32\libut.dll
0x76C50000 - 0x76C78000 	C:\WINDOWS\system32\IMAGEHLP.dll
0x7B110000 - 0x7B138000 	C:\MATLAB6p5\bin\win32\libmx.dll
0x7AF70000 - 0x7AF77000 	C:\MATLAB6p5\bin\win32\libmex.dll
0x7AF80000 - 0x7AF93000 	C:\MATLAB6p5\bin\win32\libmwservices.dll
0x7A630000 - 0x7A644000 	C:\MATLAB6p5\bin\win32\mpath.dll
0x7A7D0000 - 0x7A895000 	C:\MATLAB6p5\bin\win32\m_interpreter.dll
0x7AFA0000 - 0x7AFA9000 	C:\MATLAB6p5\bin\win32\libmat.dll
0x7AAA0000 - 0x7AB2B000 	C:\MATLAB6p5\bin\win32\mlib.dll
0x7AA90000 - 0x7AA9E000 	C:\MATLAB6p5\bin\win32\m_pcodeio.dll
0x7AA10000 - 0x7AA73000 	C:\MATLAB6p5\bin\win32\m_ir.dll
0x7A8A0000 - 0x7AA0F000 	C:\MATLAB6p5\bin\win32\m_parser.dll
0x7AA80000 - 0x7AA8F000 	C:\MATLAB6p5\bin\win32\m_pcodegen.dll
0x7AFE0000 - 0x7AFE6000 	C:\MATLAB6p5\bin\win32\m_dispatcher.dll
0x7A010000 - 0x7A0E8000 	C:\MATLAB6p5\bin\win32\hg.dll
0x7A5E0000 - 0x7A62F000 	C:\MATLAB6p5\bin\win32\numerics.dll
0x7AB50000 - 0x7AB5F000 	C:\MATLAB6p5\bin\win32\libmwlapack.dll
0x7AB60000 - 0x7ABBC000 	C:\MATLAB6p5\bin\win32\libmwfftw.dll
0x7AFB0000 - 0x7AFDB000 	C:\MATLAB6p5\bin\win32\libmwumfpack.dll
0x7A650000 - 0x7A6B2000 	C:\MATLAB6p5\bin\win32\udd.dll
0x7A4F0000 - 0x7A563000 	C:\MATLAB6p5\bin\win32\uiw.dll
0x72F80000 - 0x72FA6000 	C:\WINDOWS\system32\WINSPOOL.DRV
0x76360000 - 0x763AA000 	C:\WINDOWS\system32\comdlg32.dll
0x77F40000 - 0x77FB6000 	C:\WINDOWS\system32\SHLWAPI.dll
0x58C30000 - 0x58CC7000 	C:\WINDOWS\system32\COMCTL32.dll
0x7C9D0000 - 0x7D1EE000 	C:\WINDOWS\system32\SHELL32.dll
0x7A570000 - 0x7A5D8000 	C:\MATLAB6p5\bin\win32\gui.dll
0x7A110000 - 0x7A4CD000 	C:\MATLAB6p5\bin\win32\simulink.dll
0x76340000 - 0x7635D000 	C:\WINDOWS\system32\IMM32.dll
0x7AFF0000 - 0x7B017000 	C:\MATLAB6p5\bin\win32\libmwbuiltins.dll
0x7B020000 - 0x7B075000 	C:\MATLAB6p5\bin\win32\cg_ir.dll
0x7B080000 - 0x7B0A2000 	C:\MATLAB6p5\bin\win32\libfixedpoint.dll
0x7B0B0000 - 0x7B0B8000 	C:\MATLAB6p5\bin\win32\glee.dll
0x7B0C0000 - 0x7B0E7000 	C:\MATLAB6p5\bin\win32\jmi.dll
0x7A0F0000 - 0x7A102000 	C:\MATLAB6p5\bin\win32\dastudio.dll
0x7A4D0000 - 0x7A4ED000 	C:\MATLAB6p5\bin\win32\hardcopy.dll
0x7AB30000 - 0x7AB4A000 	C:\MATLAB6p5\bin\win32\sl_solver.dll
0x79000000 - 0x790F2000 	C:\MATLAB6p5\bin\win32\MFC42.DLL
0x7B140000 - 0x7B155000 	C:\MATLAB6p5\bin\win32\mclcom.dll
0x7A6C0000 - 0x7A704000 	C:\MATLAB6p5\bin\win32\udd_mi.dll
0x7B0F0000 - 0x7B10B000 	C:\MATLAB6p5\bin\win32\comcli.dll
0x597F0000 - 0x59844000 	C:\WINDOWS\system32\NETAPI32.dll
0x10000000 - 0x100FE000 	C:\MATLAB6p5\bin\win32\atlas_P4.dll
0x7ABC0000 - 0x7AE26000 	C:\MATLAB6p5\bin\win32\lapack.dll
0x00380000 - 0x003EE000 	C:\MATLAB6p5\bin\win32\DFORRT.dll
0x773A0000 - 0x774A2000 	C:\WINDOWS\WinSxS\x86_Microsoft.Windows.Common-Controls_6595b64144ccf1df_6.0.2600.2180_x-ww_a84f1ff9\comctl32.dll
0x61DF0000 - 0x61DFE000 	C:\WINDOWS\system32\MFC42LOC.DLL
0x5B150000 - 0x5B188000 	C:\WINDOWS\system32\uxtheme.dll
0x746B0000 - 0x746FB000 	C:\WINDOWS\system32\MSCTF.dll
0x6D420000 - 0x6D4EE000 	C:\MATLAB6p5\sys\java\jre\win32\jre\bin\hotspot\jvm.dll
0x76B00000 - 0x76B2E000 	C:\WINDOWS\system32\WINMM.dll
0x6D220000 - 0x6D227000 	C:\MATLAB6p5\sys\java\jre\win32\jre\bin\hpi.dll
0x6D3B0000 - 0x6D3BD000 	C:\MATLAB6p5\sys\java\jre\win32\jre\bin\verify.dll
0x6D250000 - 0x6D266000 	C:\MATLAB6p5\sys\java\jre\win32\jre\bin\java.dll
0x6D3C0000 - 0x6D3CD000 	C:\MATLAB6p5\sys\java\jre\win32\jre\bin\zip.dll
0x6D020000 - 0x6D128000 	C:\MATLAB6p5\sys\java\jre\win32\jre\bin\awt.dll
0x6D1E0000 - 0x6D21B000 	C:\MATLAB6p5\sys\java\jre\win32\jre\bin\fontmanager.dll
0x736E0000 - 0x73729000 	C:\WINDOWS\system32\DDRAW.dll
0x73B40000 - 0x73B46000 	C:\WINDOWS\system32\DCIMAN32.dll
0x69500000 - 0x695E2000 	C:\WINDOWS\system32\nbicdnt.dll
0x7AF50000 - 0x7AF64000 	C:\MATLAB6p5\bin\win32\nativejava.dll
0x01DB0000 - 0x01DB9000 	C:\MATLAB6p5\bin\win32\nativejmi.dll
0x7AF30000 - 0x7AF47000 	C:\MATLAB6p5\bin\win32\glren.dll
0x5F120000 - 0x5F1EC000 	C:\WINDOWS\system32\OPENGL32.dll
0x5FEA0000 - 0x5FEC1000 	C:\WINDOWS\system32\GLU32.dll
0x01E20000 - 0x01E2C000 	C:\WINDOWS\System32\spool\DRIVERS\W32X86\3\mdiui.dll
0x1E100000 - 0x1E3C6000 	C:\WINDOWS\system32\msi.dll
0x77B10000 - 0x77B32000 	C:\WINDOWS\system32\appHelp.dll
0x76F90000 - 0x7700F000 	C:\WINDOWS\system32\CLBCATQ.DLL
0x77010000 - 0x770E0000 	C:\WINDOWS\system32\COMRes.dll
0x779F0000 - 0x77A45000 	C:\WINDOWS\System32\cscui.dll
0x765B0000 - 0x765CD000 	C:\WINDOWS\System32\CSCDLL.dll
0x75F30000 - 0x7602C000 	C:\WINDOWS\system32\browseui.dll
0x778F0000 - 0x779E7000 	C:\WINDOWS\system32\SETUPAPI.dll
0x76630000 - 0x766E4000 	C:\WINDOWS\system32\USERENV.dll
0x76950000 - 0x76976000 	C:\WINDOWS\system32\ntshrui.dll
0x76AE0000 - 0x76AF1000 	C:\WINDOWS\system32\ATL.DLL
0x77730000 - 0x7789C000 	C:\WINDOWS\system32\shdocvw.dll
0x77A50000 - 0x77AE5000 	C:\WINDOWS\system32\CRYPT32.dll
0x77AF0000 - 0x77B02000 	C:\WINDOWS\system32\MSASN1.dll
0x76890000 - 0x76914000 	C:\WINDOWS\system32\CRYPTUI.dll
0x76BF0000 - 0x76C1E000 	C:\WINDOWS\system32\WINTRUST.dll
0x77180000 - 0x77227000 	C:\WINDOWS\system32\WININET.dll
0x76F20000 - 0x76F4D000 	C:\WINDOWS\system32\WLDAP32.dll
0x20000000 - 0x202D6000 	C:\WINDOWS\system32\xpsp2res.dll
0x14280000 - 0x14314000 	C:\MATLAB6p5\toolbox\matlab\iofun\hdf.dll
0x14320000 - 0x143C5000 	C:\MATLAB6p5\bin\win32\mwhd413m.dll
0x143D0000 - 0x143E6000 	C:\MATLAB6p5\bin\win32\mwhm413m.dll
0x71A50000 - 0x71A5A000 	C:\WINDOWS\system32\WSOCK32.dll
0x71A30000 - 0x71A47000 	C:\WINDOWS\system32\WS2_32.dll
0x71A20000 - 0x71A28000 	C:\WINDOWS\system32\WS2HELP.dll
0x143F0000 - 0x143F5000 	C:\MATLAB6p5\toolbox\matlab\datatypes\cellfun.dll
0x14400000 - 0x14412000 	C:\Archivos de programa\Malwarebytes' Anti-Malware\mbamext.dll
0x14430000 - 0x1445D000 	C:\Archivos de programa\WinRAR\rarext.dll
0x5D4B0000 - 0x5D551000 	C:\WINDOWS\system32\DBGHELP.dll
0x76BB0000 - 0x76BBB000 	C:\WINDOWS\system32\PSAPI.DLL

Local Time = Sat Mar 21 12:00:00 2009
Elapsed Time = 1030
#
# HotSpot Virtual Machine Error : EXCEPTION_ACCESS_VIOLATION
# Error ID : 4F530E43505002C4
# Please report this error at
# http://java.sun.com/cgi-bin/bugreport.cgi
#
# Java VM: Java HotSpot(TM) Client VM (1.3.1_01 mixed mode)
#
