99.06.08 11:29 B J:\isis\depts\or\workspace\vkulkarn\maximgui\gui\compute.m --> isis.unc.edu /afs/isis.unc.edu/home/v/k/vkulkarn/public_html/maximgui/gui compute.m
99.06.08 11:29 B J:\isis\depts\or\workspace\vkulkarn\maximgui\gui\distribution_create.m --> isis.unc.edu /afs/isis.unc.edu/home/v/k/vkulkarn/public_html/maximgui/gui distribution_create.m
99.06.08 11:29 B J:\isis\depts\or\workspace\vkulkarn\maximgui\gui\distribution_input.m --> isis.unc.edu /afs/isis.unc.edu/home/v/k/vkulkarn/public_html/maximgui/gui distribution_input.m
99.06.08 11:29 B J:\isis\depts\or\workspace\vkulkarn\maximgui\gui\distribution_parameter_input.m --> isis.unc.edu /afs/isis.unc.edu/home/v/k/vkulkarn/public_html/maximgui/gui distribution_parameter_input.m
99.06.08 11:29 B J:\isis\depts\or\workspace\vkulkarn\maximgui\gui\edit_existing_model.m --> isis.unc.edu /afs/isis.unc.edu/home/v/k/vkulkarn/public_html/maximgui/gui edit_existing_model.m
99.06.08 11:29 B J:\isis\depts\or\workspace\vkulkarn\maximgui\gui\FLOW.VSD --> isis.unc.edu /afs/isis.unc.edu/home/v/k/vkulkarn/public_html/maximgui/gui FLOW.VSD
99.06.08 11:29 B J:\isis\depts\or\workspace\vkulkarn\maximgui\gui\get_matrix_size.m --> isis.unc.edu /afs/isis.unc.edu/home/v/k/vkulkarn/public_html/maximgui/gui get_matrix_size.m
99.06.08 11:29 B J:\isis\depts\or\workspace\vkulkarn\maximgui\gui\get_vector_size.m --> isis.unc.edu /afs/isis.unc.edu/home/v/k/vkulkarn/public_html/maximgui/gui get_vector_size.m
99.06.08 11:29 B J:\isis\depts\or\workspace\vkulkarn\maximgui\gui\initialize_Primary_state.m --> isis.unc.edu /afs/isis.unc.edu/home/v/k/vkulkarn/public_html/maximgui/gui initialize_Primary_state.m
99.06.08 11:29 B J:\isis\depts\or\workspace\vkulkarn\maximgui\gui\matrix_input.m --> isis.unc.edu /afs/isis.unc.edu/home/v/k/vkulkarn/public_html/maximgui/gui matrix_input.m
99.06.08 11:29 B J:\isis\depts\or\workspace\vkulkarn\maximgui\gui\maxim_main.m --> isis.unc.edu /afs/isis.unc.edu/home/v/k/vkulkarn/public_html/maximgui/gui maxim_main.m
99.06.08 11:29 B J:\isis\depts\or\workspace\vkulkarn\maximgui\gui\new_model_input.m --> isis.unc.edu /afs/isis.unc.edu/home/v/k/vkulkarn/public_html/maximgui/gui new_model_input.m
99.06.08 11:29 B J:\isis\depts\or\workspace\vkulkarn\maximgui\gui\Program_doc.doc --> isis.unc.edu /afs/isis.unc.edu/home/v/k/vkulkarn/public_html/maximgui/gui Program_doc.doc
99.06.08 11:29 B J:\isis\depts\or\workspace\vkulkarn\maximgui\gui\save_new_model.m --> isis.unc.edu /afs/isis.unc.edu/home/v/k/vkulkarn/public_html/maximgui/gui save_new_model.m
99.06.08 11:29 B J:\isis\depts\or\workspace\vkulkarn\maximgui\gui\scalar_input.m --> isis.unc.edu /afs/isis.unc.edu/home/v/k/vkulkarn/public_html/maximgui/gui scalar_input.m
99.06.08 11:29 B J:\isis\depts\or\workspace\vkulkarn\maximgui\gui\select_mode.m --> isis.unc.edu /afs/isis.unc.edu/home/v/k/vkulkarn/public_html/maximgui/gui select_mode.m
99.06.08 11:29 B J:\isis\depts\or\workspace\vkulkarn\maximgui\gui\select_standard_model.m --> isis.unc.edu /afs/isis.unc.edu/home/v/k/vkulkarn/public_html/maximgui/gui select_standard_model.m
99.06.08 11:29 B J:\isis\depts\or\workspace\vkulkarn\maximgui\gui\set_cancel.m --> isis.unc.edu /afs/isis.unc.edu/home/v/k/vkulkarn/public_html/maximgui/gui set_cancel.m
99.06.08 11:29 B J:\isis\depts\or\workspace\vkulkarn\maximgui\gui\set_dist_called.m --> isis.unc.edu /afs/isis.unc.edu/home/v/k/vkulkarn/public_html/maximgui/gui set_dist_called.m
99.06.08 11:29 B J:\isis\depts\or\workspace\vkulkarn\maximgui\gui\standard_load_create.m --> isis.unc.edu /afs/isis.unc.edu/home/v/k/vkulkarn/public_html/maximgui/gui standard_load_create.m
99.06.08 11:29 B J:\isis\depts\or\workspace\vkulkarn\maximgui\gui\start_maxim.m --> isis.unc.edu /afs/isis.unc.edu/home/v/k/vkulkarn/public_html/maximgui/gui start_maxim.m
99.06.08 11:29 B J:\isis\depts\or\workspace\vkulkarn\maximgui\gui\validate_add_matrix_parameters.m --> isis.unc.edu /afs/isis.unc.edu/home/v/k/vkulkarn/public_html/maximgui/gui validate_add_matrix_parameters.m
99.06.08 11:29 B J:\isis\depts\or\workspace\vkulkarn\maximgui\gui\validate_add_nonsq_matrix_parm.m --> isis.unc.edu /afs/isis.unc.edu/home/v/k/vkulkarn/public_html/maximgui/gui validate_add_nonsq_matrix_parm.m
99.06.08 11:29 B J:\isis\depts\or\workspace\vkulkarn\maximgui\gui\validate_add_scalar_input.m --> isis.unc.edu /afs/isis.unc.edu/home/v/k/vkulkarn/public_html/maximgui/gui validate_add_scalar_input.m
99.06.08 11:29 B J:\isis\depts\or\workspace\vkulkarn\maximgui\gui\validate_add_vector_input.m --> isis.unc.edu /afs/isis.unc.edu/home/v/k/vkulkarn/public_html/maximgui/gui validate_add_vector_input.m
99.06.08 11:29 B J:\isis\depts\or\workspace\vkulkarn\maximgui\gui\validate_distribution_parameter.m --> isis.unc.edu /afs/isis.unc.edu/home/v/k/vkulkarn/public_html/maximgui/gui validate_distribution_parameter.m
99.06.08 11:29 B J:\isis\depts\or\workspace\vkulkarn\maximgui\gui\validate_matrix_parameters.m --> isis.unc.edu /afs/isis.unc.edu/home/v/k/vkulkarn/public_html/maximgui/gui validate_matrix_parameters.m
99.06.08 11:29 B J:\isis\depts\or\workspace\vkulkarn\maximgui\gui\validate_scalar_parameters.m --> isis.unc.edu /afs/isis.unc.edu/home/v/k/vkulkarn/public_html/maximgui/gui validate_scalar_parameters.m
99.06.08 11:29 B J:\isis\depts\or\workspace\vkulkarn\maximgui\gui\validate_vector_parameters.m --> isis.unc.edu /afs/isis.unc.edu/home/v/k/vkulkarn/public_html/maximgui/gui validate_vector_parameters.m
99.06.08 11:29 B J:\isis\depts\or\workspace\vkulkarn\maximgui\gui\vector_input.m --> isis.unc.edu /afs/isis.unc.edu/home/v/k/vkulkarn/public_html/maximgui/gui vector_input.m
99.06.08 11:29 B J:\isis\depts\or\workspace\vkulkarn\maximgui\gui\workbench.m --> isis.unc.edu /afs/isis.unc.edu/home/v/k/vkulkarn/public_html/maximgui/gui workbench.m
99.06.10 11:26 B D:\maximgui\gui\compute.m --> ftp.mathworks.com /incoming/bizdev/maximgui/maximgui/gui compute.m
99.06.10 11:26 B D:\maximgui\gui\distribution_create.m --> ftp.mathworks.com /incoming/bizdev/maximgui/maximgui/gui distribution_create.m
99.06.10 11:26 B D:\maximgui\gui\distribution_input.m --> ftp.mathworks.com /incoming/bizdev/maximgui/maximgui/gui distribution_input.m
99.06.10 11:26 B D:\maximgui\gui\distribution_parameter_input.m --> ftp.mathworks.com /incoming/bizdev/maximgui/maximgui/gui distribution_parameter_input.m
99.06.10 11:26 B D:\maximgui\gui\edit_existing_model.m --> ftp.mathworks.com /incoming/bizdev/maximgui/maximgui/gui edit_existing_model.m
99.06.10 11:26 B D:\maximgui\gui\FLOW.VSD --> ftp.mathworks.com /incoming/bizdev/maximgui/maximgui/gui FLOW.VSD
99.06.10 11:26 B D:\maximgui\gui\get_matrix_size.m --> ftp.mathworks.com /incoming/bizdev/maximgui/maximgui/gui get_matrix_size.m
99.06.10 11:26 B D:\maximgui\gui\get_vector_size.m --> ftp.mathworks.com /incoming/bizdev/maximgui/maximgui/gui get_vector_size.m
99.06.10 11:26 B D:\maximgui\gui\initialize_Primary_state.m --> ftp.mathworks.com /incoming/bizdev/maximgui/maximgui/gui initialize_Primary_state.m
99.06.10 11:26 B D:\maximgui\gui\matrix_input.m --> ftp.mathworks.com /incoming/bizdev/maximgui/maximgui/gui matrix_input.m
99.06.10 11:26 B D:\maximgui\gui\maxim_main.m --> ftp.mathworks.com /incoming/bizdev/maximgui/maximgui/gui maxim_main.m
99.06.10 11:26 B D:\maximgui\gui\new_model_input.m --> ftp.mathworks.com /incoming/bizdev/maximgui/maximgui/gui new_model_input.m
99.06.10 11:26 B D:\maximgui\gui\Program_doc.doc --> ftp.mathworks.com /incoming/bizdev/maximgui/maximgui/gui Program_doc.doc
99.06.10 11:26 B D:\maximgui\gui\save_new_model.m --> ftp.mathworks.com /incoming/bizdev/maximgui/maximgui/gui save_new_model.m
99.06.10 11:26 B D:\maximgui\gui\scalar_input.m --> ftp.mathworks.com /incoming/bizdev/maximgui/maximgui/gui scalar_input.m
99.06.10 11:26 B D:\maximgui\gui\select_mode.m --> ftp.mathworks.com /incoming/bizdev/maximgui/maximgui/gui select_mode.m
99.06.10 11:26 B D:\maximgui\gui\select_standard_model.m --> ftp.mathworks.com /incoming/bizdev/maximgui/maximgui/gui select_standard_model.m
99.06.10 11:26 B D:\maximgui\gui\set_cancel.m --> ftp.mathworks.com /incoming/bizdev/maximgui/maximgui/gui set_cancel.m
99.06.10 11:26 B D:\maximgui\gui\set_dist_called.m --> ftp.mathworks.com /incoming/bizdev/maximgui/maximgui/gui set_dist_called.m
99.06.10 11:26 B D:\maximgui\gui\standard_load_create.m --> ftp.mathworks.com /incoming/bizdev/maximgui/maximgui/gui standard_load_create.m
99.06.10 11:26 B D:\maximgui\gui\start_maxim.m --> ftp.mathworks.com /incoming/bizdev/maximgui/maximgui/gui start_maxim.m
99.06.10 11:26 B D:\maximgui\gui\validate_add_matrix_parameters.m --> ftp.mathworks.com /incoming/bizdev/maximgui/maximgui/gui validate_add_matrix_parameters.m
99.06.10 11:26 B D:\maximgui\gui\validate_add_nonsq_matrix_parm.m --> ftp.mathworks.com /incoming/bizdev/maximgui/maximgui/gui validate_add_nonsq_matrix_parm.m
99.06.10 11:26 B D:\maximgui\gui\validate_add_scalar_input.m --> ftp.mathworks.com /incoming/bizdev/maximgui/maximgui/gui validate_add_scalar_input.m
99.06.10 11:26 B D:\maximgui\gui\validate_add_vector_input.m --> ftp.mathworks.com /incoming/bizdev/maximgui/maximgui/gui validate_add_vector_input.m
99.06.10 11:26 B D:\maximgui\gui\validate_distribution_parameter.m --> ftp.mathworks.com /incoming/bizdev/maximgui/maximgui/gui validate_distribution_parameter.m
99.06.10 11:26 B D:\maximgui\gui\validate_matrix_parameters.m --> ftp.mathworks.com /incoming/bizdev/maximgui/maximgui/gui validate_matrix_parameters.m
99.06.10 11:26 B D:\maximgui\gui\validate_scalar_parameters.m --> ftp.mathworks.com /incoming/bizdev/maximgui/maximgui/gui validate_scalar_parameters.m
99.06.10 11:26 B D:\maximgui\gui\validate_vector_parameters.m --> ftp.mathworks.com /incoming/bizdev/maximgui/maximgui/gui validate_vector_parameters.m
99.06.10 11:26 B D:\maximgui\gui\vector_input.m --> ftp.mathworks.com /incoming/bizdev/maximgui/maximgui/gui vector_input.m
99.06.10 11:26 B D:\maximgui\gui\workbench.m --> ftp.mathworks.com /incoming/bizdev/maximgui/maximgui/gui workbench.m
