99.06.08 11:30 B J:\isis\depts\or\workspace\vkulkarn\maximgui\utils\gui\add_hscroll.m --> isis.unc.edu /afs/isis.unc.edu/home/v/k/vkulkarn/public_html/maximgui/utils/gui add_hscroll.m
99.06.08 11:30 B J:\isis\depts\or\workspace\vkulkarn\maximgui\utils\gui\amhscroll.m --> isis.unc.edu /afs/isis.unc.edu/home/v/k/vkulkarn/public_html/maximgui/utils/gui amhscroll.m
99.06.08 11:30 B J:\isis\depts\or\workspace\vkulkarn\maximgui\utils\gui\amhscroll_nonsq.m --> isis.unc.edu /afs/isis.unc.edu/home/v/k/vkulkarn/public_html/maximgui/utils/gui amhscroll_nonsq.m
99.06.08 11:30 B J:\isis\depts\or\workspace\vkulkarn\maximgui\utils\gui\amvscroll.m --> isis.unc.edu /afs/isis.unc.edu/home/v/k/vkulkarn/public_html/maximgui/utils/gui amvscroll.m
99.06.08 11:30 B J:\isis\depts\or\workspace\vkulkarn\maximgui\utils\gui\amvscroll_nonsq.m --> isis.unc.edu /afs/isis.unc.edu/home/v/k/vkulkarn/public_html/maximgui/utils/gui amvscroll_nonsq.m
99.06.08 11:30 B J:\isis\depts\or\workspace\vkulkarn\maximgui\utils\gui\end_maxim.m --> isis.unc.edu /afs/isis.unc.edu/home/v/k/vkulkarn/public_html/maximgui/utils/gui end_maxim.m
99.06.08 11:30 B J:\isis\depts\or\workspace\vkulkarn\maximgui\utils\gui\exit_menu.m --> isis.unc.edu /afs/isis.unc.edu/home/v/k/vkulkarn/public_html/maximgui/utils/gui exit_menu.m
99.06.08 11:30 B J:\isis\depts\or\workspace\vkulkarn\maximgui\utils\gui\generic_menu.m --> isis.unc.edu /afs/isis.unc.edu/home/v/k/vkulkarn/public_html/maximgui/utils/gui generic_menu.m
99.06.08 11:30 B J:\isis\depts\or\workspace\vkulkarn\maximgui\utils\gui\help_msg.m --> isis.unc.edu /afs/isis.unc.edu/home/v/k/vkulkarn/public_html/maximgui/utils/gui help_msg.m
99.06.08 11:30 B J:\isis\depts\or\workspace\vkulkarn\maximgui\utils\gui\hscroll.m --> isis.unc.edu /afs/isis.unc.edu/home/v/k/vkulkarn/public_html/maximgui/utils/gui hscroll.m
99.06.08 11:30 B J:\isis\depts\or\workspace\vkulkarn\maximgui\utils\gui\mhscroll.m --> isis.unc.edu /afs/isis.unc.edu/home/v/k/vkulkarn/public_html/maximgui/utils/gui mhscroll.m
99.06.08 11:30 B J:\isis\depts\or\workspace\vkulkarn\maximgui\utils\gui\mvscroll.m --> isis.unc.edu /afs/isis.unc.edu/home/v/k/vkulkarn/public_html/maximgui/utils/gui mvscroll.m
99.06.08 11:30 B J:\isis\depts\or\workspace\vkulkarn\maximgui\utils\gui\previous_screen.m --> isis.unc.edu /afs/isis.unc.edu/home/v/k/vkulkarn/public_html/maximgui/utils/gui previous_screen.m
99.06.08 11:30 B J:\isis\depts\or\workspace\vkulkarn\maximgui\utils\gui\return_to_main.m --> isis.unc.edu /afs/isis.unc.edu/home/v/k/vkulkarn/public_html/maximgui/utils/gui return_to_main.m
99.06.08 11:30 B J:\isis\depts\or\workspace\vkulkarn\maximgui\utils\gui\updat_and_hscroll.m --> isis.unc.edu /afs/isis.unc.edu/home/v/k/vkulkarn/public_html/maximgui/utils/gui updat_and_hscroll.m
99.06.08 11:30 B J:\isis\depts\or\workspace\vkulkarn\maximgui\utils\gui\updat_and_vscroll.m --> isis.unc.edu /afs/isis.unc.edu/home/v/k/vkulkarn/public_html/maximgui/utils/gui updat_and_vscroll.m
99.06.10 11:28 B D:\maximgui\utils\gui\add_hscroll.m --> ftp.mathworks.com /incoming/bizdev/maximgui/maximgui/utils/gui add_hscroll.m
99.06.10 11:28 B D:\maximgui\utils\gui\amhscroll.m --> ftp.mathworks.com /incoming/bizdev/maximgui/maximgui/utils/gui amhscroll.m
99.06.10 11:28 B D:\maximgui\utils\gui\amhscroll_nonsq.m --> ftp.mathworks.com /incoming/bizdev/maximgui/maximgui/utils/gui amhscroll_nonsq.m
99.06.10 11:28 B D:\maximgui\utils\gui\amvscroll.m --> ftp.mathworks.com /incoming/bizdev/maximgui/maximgui/utils/gui amvscroll.m
99.06.10 11:28 B D:\maximgui\utils\gui\amvscroll_nonsq.m --> ftp.mathworks.com /incoming/bizdev/maximgui/maximgui/utils/gui amvscroll_nonsq.m
99.06.10 11:28 B D:\maximgui\utils\gui\end_maxim.m --> ftp.mathworks.com /incoming/bizdev/maximgui/maximgui/utils/gui end_maxim.m
99.06.10 11:28 B D:\maximgui\utils\gui\exit_menu.m --> ftp.mathworks.com /incoming/bizdev/maximgui/maximgui/utils/gui exit_menu.m
99.06.10 11:28 B D:\maximgui\utils\gui\generic_menu.m --> ftp.mathworks.com /incoming/bizdev/maximgui/maximgui/utils/gui generic_menu.m
99.06.10 11:28 B D:\maximgui\utils\gui\help_msg.m --> ftp.mathworks.com /incoming/bizdev/maximgui/maximgui/utils/gui help_msg.m
99.06.10 11:28 B D:\maximgui\utils\gui\hscroll.m --> ftp.mathworks.com /incoming/bizdev/maximgui/maximgui/utils/gui hscroll.m
99.06.10 11:28 B D:\maximgui\utils\gui\mhscroll.m --> ftp.mathworks.com /incoming/bizdev/maximgui/maximgui/utils/gui mhscroll.m
99.06.10 11:28 B D:\maximgui\utils\gui\mvscroll.m --> ftp.mathworks.com /incoming/bizdev/maximgui/maximgui/utils/gui mvscroll.m
99.06.10 11:28 B D:\maximgui\utils\gui\previous_screen.m --> ftp.mathworks.com /incoming/bizdev/maximgui/maximgui/utils/gui previous_screen.m
99.06.10 11:28 B D:\maximgui\utils\gui\return_to_main.m --> ftp.mathworks.com /incoming/bizdev/maximgui/maximgui/utils/gui return_to_main.m
99.06.10 11:28 B D:\maximgui\utils\gui\updat_and_hscroll.m --> ftp.mathworks.com /incoming/bizdev/maximgui/maximgui/utils/gui updat_and_hscroll.m
99.06.10 11:28 B D:\maximgui\utils\gui\updat_and_vscroll.m --> ftp.mathworks.com /incoming/bizdev/maximgui/maximgui/utils/gui updat_and_vscroll.m
